{"contracts/Array256Lib.sol":{"l":{"35":0,"48":0,"65":0,"86":56,"130":0,"131":0,"138":0,"139":0,"145":0,"146":0,"147":0,"148":0,"149":0,"150":0,"151":0,"152":0,"153":0,"154":0,"155":0,"156":0,"157":0,"158":0,"159":0,"160":0,"161":0,"162":0,"163":0,"165":0,"166":0,"167":0,"168":0,"169":0,"172":0,"173":0,"175":0,"177":0,"178":0,"179":0,"180":0,"181":0,"182":0,"183":0,"184":0,"185":0,"186":0,"187":0,"188":0,"189":0,"190":0,"191":0,"192":0,"194":0,"195":0,"196":0,"197":0,"198":0},"path":"/Users/paulopires/Code/Majoolr/ethereum-libraries/WalletLib/truffle/contracts/Array256Lib.sol","s":{"1":0,"2":0,"3":0,"4":0,"5":0,"6":0,"7":0,"8":0,"9":0,"10":0,"11":0,"12":0,"13":0,"14":0,"15":0,"16":0,"17":0,"18":0,"19":0,"20":0,"21":0,"22":0,"23":0,"24":0,"25":0,"26":0,"27":0,"28":0,"29":0,"30":0,"31":0,"32":0,"33":0,"34":0,"35":0,"36":0,"37":0,"38":0,"39":0,"40":0,"41":0,"42":0,"43":0,"44":0,"45":0,"46":0,"47":0},"b":{"1":[0,0],"2":[0,0],"3":[0,0],"4":[0,0],"5":[0,0],"6":[0,0],"7":[0,0]},"f":{"1":0,"2":0,"3":0,"4":56,"5":0,"6":0,"7":0},"fnMap":{"1":{"name":"sumElements","line":34,"loc":{"start":{"line":34,"column":2},"end":{"line":34,"column":76}}},"2":{"name":"getMax","line":47,"loc":{"start":{"line":47,"column":2},"end":{"line":47,"column":76}}},"3":{"name":"getMin","line":64,"loc":{"start":{"line":64,"column":2},"end":{"line":64,"column":76}}},"4":{"name":"indexOf","line":84,"loc":{"start":{"line":84,"column":2},"end":{"line":85,"column":47}}},"5":{"name":"getParentI","line":129,"loc":{"start":{"line":129,"column":2},"end":{"line":129,"column":74}}},"6":{"name":"getLeftChildI","line":137,"loc":{"start":{"line":137,"column":2},"end":{"line":137,"column":78}}},"7":{"name":"heapSort","line":144,"loc":{"start":{"line":144,"column":2},"end":{"line":144,"column":43}}}},"statementMap":{"1":{"start":{"line":130,"column":4},"end":{"line":130,"column":24}},"2":{"start":{"line":131,"column":4},"end":{"line":131,"column":11}},"3":{"start":{"line":138,"column":4},"end":{"line":138,"column":24}},"4":{"start":{"line":139,"column":4},"end":{"line":139,"column":14}},"5":{"start":{"line":145,"column":4},"end":{"line":145,"column":32}},"6":{"start":{"line":146,"column":4},"end":{"line":146,"column":34}},"7":{"start":{"line":147,"column":4},"end":{"line":147,"column":23}},"8":{"start":{"line":152,"column":4},"end":{"line":152,"column":5094}},"9":{"start":{"line":153,"column":6},"end":{"line":153,"column":17}},"10":{"start":{"line":154,"column":6},"end":{"line":154,"column":34}},"11":{"start":{"line":155,"column":6},"end":{"line":155,"column":5178}},"12":{"start":{"line":156,"column":8},"end":{"line":156,"column":26}},"13":{"start":{"line":157,"column":8},"end":{"line":157,"column":18}},"14":{"start":{"line":158,"column":8},"end":{"line":158,"column":5275}},"15":{"start":{"line":159,"column":10},"end":{"line":159,"column":22}},"16":{"start":{"line":160,"column":8},"end":{"line":160,"column":5338}},"17":{"start":{"line":161,"column":10},"end":{"line":161,"column":22}},"18":{"start":{"line":162,"column":8},"end":{"line":162,"column":5405}},"19":{"start":{"line":163,"column":10},"end":{"line":163,"column":23}},"20":{"start":{"line":165,"column":10},"end":{"line":165,"column":26}},"21":{"start":{"line":166,"column":10},"end":{"line":166,"column":32}},"22":{"start":{"line":167,"column":10},"end":{"line":167,"column":26}},"23":{"start":{"line":168,"column":10},"end":{"line":168,"column":20}},"24":{"start":{"line":169,"column":10},"end":{"line":169,"column":37}},"25":{"start":{"line":172,"column":6},"end":{"line":172,"column":5660}},"26":{"start":{"line":175,"column":8},"end":{"line":175,"column":24}},"27":{"start":{"line":177,"column":4},"end":{"line":177,"column":5717}},"28":{"start":{"line":178,"column":6},"end":{"line":178,"column":21}},"29":{"start":{"line":179,"column":6},"end":{"line":179,"column":24}},"30":{"start":{"line":180,"column":6},"end":{"line":180,"column":19}},"31":{"start":{"line":181,"column":6},"end":{"line":181,"column":18}},"32":{"start":{"line":182,"column":6},"end":{"line":182,"column":13}},"33":{"start":{"line":183,"column":6},"end":{"line":183,"column":30}},"34":{"start":{"line":184,"column":6},"end":{"line":184,"column":5884}},"35":{"start":{"line":185,"column":8},"end":{"line":185,"column":26}},"36":{"start":{"line":186,"column":8},"end":{"line":186,"column":18}},"37":{"start":{"line":187,"column":8},"end":{"line":187,"column":5981}},"38":{"start":{"line":188,"column":10},"end":{"line":188,"column":22}},"39":{"start":{"line":189,"column":8},"end":{"line":189,"column":6044}},"40":{"start":{"line":190,"column":10},"end":{"line":190,"column":22}},"41":{"start":{"line":191,"column":8},"end":{"line":191,"column":6111}},"42":{"start":{"line":192,"column":10},"end":{"line":192,"column":25}},"43":{"start":{"line":194,"column":10},"end":{"line":194,"column":26}},"44":{"start":{"line":195,"column":10},"end":{"line":195,"column":32}},"45":{"start":{"line":196,"column":10},"end":{"line":196,"column":26}},"46":{"start":{"line":197,"column":10},"end":{"line":197,"column":20}},"47":{"start":{"line":198,"column":10},"end":{"line":198,"column":37}}},"branchMap":{"1":{"line":158,"type":"if","locations":[{"start":{"line":158,"column":8},"end":{"line":158,"column":8}},{"start":{"line":158,"column":8},"end":{"line":158,"column":8}}]},"2":{"line":160,"type":"if","locations":[{"start":{"line":160,"column":8},"end":{"line":160,"column":8}},{"start":{"line":160,"column":8},"end":{"line":160,"column":8}}]},"3":{"line":162,"type":"if","locations":[{"start":{"line":162,"column":8},"end":{"line":162,"column":8}},{"start":{"line":162,"column":8},"end":{"line":162,"column":8}}]},"4":{"line":172,"type":"if","locations":[{"start":{"line":172,"column":6},"end":{"line":172,"column":6}},{"start":{"line":172,"column":6},"end":{"line":172,"column":6}}]},"5":{"line":187,"type":"if","locations":[{"start":{"line":187,"column":8},"end":{"line":187,"column":8}},{"start":{"line":187,"column":8},"end":{"line":187,"column":8}}]},"6":{"line":189,"type":"if","locations":[{"start":{"line":189,"column":8},"end":{"line":189,"column":8}},{"start":{"line":189,"column":8},"end":{"line":189,"column":8}}]},"7":{"line":191,"type":"if","locations":[{"start":{"line":191,"column":8},"end":{"line":191,"column":8}},{"start":{"line":191,"column":8},"end":{"line":191,"column":8}}]}}},"contracts/BasicMathLib.sol":{"l":{"40":0,"48":0,"49":0,"59":0,"67":0,"68":0,"78":7,"86":7,"87":0,"97":3,"105":3,"106":0},"path":"/Users/paulopires/Code/Majoolr/ethereum-libraries/WalletLib/truffle/contracts/BasicMathLib.sol","s":{"1":0,"2":0,"3":0,"4":0,"5":7,"6":0,"7":3,"8":0},"b":{"1":[0,0],"2":[0,7],"3":[0,3]},"f":{"1":0,"2":0,"3":7,"4":3},"fnMap":{"1":{"name":"times","line":39,"loc":{"start":{"line":39,"column":2},"end":{"line":39,"column":78}}},"2":{"name":"dividedBy","line":58,"loc":{"start":{"line":58,"column":2},"end":{"line":58,"column":82}}},"3":{"name":"plus","line":77,"loc":{"start":{"line":77,"column":2},"end":{"line":77,"column":78}}},"4":{"name":"minus","line":96,"loc":{"start":{"line":96,"column":2},"end":{"line":96,"column":78}}}},"statementMap":{"1":{"start":{"line":48,"column":4},"end":{"line":48,"column":1931}},"2":{"start":{"line":49,"column":6},"end":{"line":49,"column":31}},"3":{"start":{"line":67,"column":4},"end":{"line":67,"column":33}},"4":{"start":{"line":68,"column":4},"end":{"line":68,"column":20}},"5":{"start":{"line":86,"column":4},"end":{"line":86,"column":3177}},"6":{"start":{"line":87,"column":6},"end":{"line":87,"column":30}},"7":{"start":{"line":105,"column":4},"end":{"line":105,"column":3826}},"8":{"start":{"line":106,"column":6},"end":{"line":106,"column":32}}},"branchMap":{"1":{"line":48,"type":"if","locations":[{"start":{"line":48,"column":4},"end":{"line":48,"column":4}},{"start":{"line":48,"column":4},"end":{"line":48,"column":4}}]},"2":{"line":86,"type":"if","locations":[{"start":{"line":86,"column":4},"end":{"line":86,"column":4}},{"start":{"line":86,"column":4},"end":{"line":86,"column":4}}]},"3":{"line":105,"type":"if","locations":[{"start":{"line":105,"column":4},"end":{"line":105,"column":4}},{"start":{"line":105,"column":4},"end":{"line":105,"column":4}}]}}},"contracts/ERC20Lib.sol":{"l":{"56":1,"57":1,"58":1,"67":3,"68":3,"70":3,"71":3,"72":0,"73":0,"75":3,"77":3,"78":3,"79":3,"93":0,"94":0,"95":0,"96":0,"98":0,"99":0,"100":0,"101":0,"104":0,"105":0,"106":0,"107":0,"109":0,"110":0,"111":0,"113":0,"114":0,"122":2,"131":0,"132":0,"133":0,"142":0},"path":"/Users/paulopires/Code/Majoolr/ethereum-libraries/WalletLib/truffle/contracts/ERC20Lib.sol","s":{"1":1,"2":1,"3":1,"4":3,"5":3,"6":0,"7":0,"8":3,"9":3,"10":3,"11":3,"12":0,"13":0,"14":0,"15":0,"16":0,"17":0,"18":0,"19":0,"20":0,"21":0,"22":0,"23":0,"24":0,"25":0,"26":2,"27":0,"28":0,"29":0,"30":0},"b":{"1":[1,0],"2":[0,3],"3":[0,0],"4":[0,0]},"f":{"1":1,"2":3,"3":0,"4":2,"5":0,"6":0},"fnMap":{"1":{"name":"init","line":55,"loc":{"start":{"line":55,"column":2},"end":{"line":55,"column":67}}},"2":{"name":"transfer","line":66,"loc":{"start":{"line":66,"column":2},"end":{"line":66,"column":98}}},"3":{"name":"transferFrom","line":88,"loc":{"start":{"line":88,"column":2},"end":{"line":92,"column":48}}},"4":{"name":"balanceOf","line":121,"loc":{"start":{"line":121,"column":2},"end":{"line":121,"column":98}}},"5":{"name":"approve","line":130,"loc":{"start":{"line":130,"column":2},"end":{"line":130,"column":102}}},"6":{"name":"allowance","line":141,"loc":{"start":{"line":141,"column":2},"end":{"line":141,"column":118}}}},"statementMap":{"1":{"start":{"line":56,"column":4},"end":{"line":56,"column":33}},"2":{"start":{"line":57,"column":4},"end":{"line":57,"column":37}},"3":{"start":{"line":58,"column":4},"end":{"line":58,"column":46}},"4":{"start":{"line":70,"column":4},"end":{"line":70,"column":58}},"5":{"start":{"line":71,"column":4},"end":{"line":71,"column":2931}},"6":{"start":{"line":72,"column":6},"end":{"line":72,"column":45}},"7":{"start":{"line":73,"column":6},"end":{"line":73,"column":18}},"8":{"start":{"line":75,"column":4},"end":{"line":75,"column":38}},"9":{"start":{"line":77,"column":4},"end":{"line":77,"column":51}},"10":{"start":{"line":78,"column":4},"end":{"line":78,"column":36}},"11":{"start":{"line":79,"column":4},"end":{"line":79,"column":15}},"12":{"start":{"line":93,"column":4},"end":{"line":93,"column":52}},"13":{"start":{"line":98,"column":4},"end":{"line":98,"column":58}},"14":{"start":{"line":99,"column":4},"end":{"line":99,"column":3941}},"15":{"start":{"line":100,"column":6},"end":{"line":100,"column":45}},"16":{"start":{"line":101,"column":6},"end":{"line":101,"column":18}},"17":{"start":{"line":104,"column":4},"end":{"line":104,"column":50}},"18":{"start":{"line":105,"column":4},"end":{"line":105,"column":4083}},"19":{"start":{"line":106,"column":6},"end":{"line":106,"column":43}},"20":{"start":{"line":107,"column":6},"end":{"line":107,"column":18}},"21":{"start":{"line":109,"column":4},"end":{"line":109,"column":38}},"22":{"start":{"line":110,"column":4},"end":{"line":110,"column":51}},"23":{"start":{"line":111,"column":4},"end":{"line":111,"column":51}},"24":{"start":{"line":113,"column":4},"end":{"line":113,"column":31}},"25":{"start":{"line":114,"column":4},"end":{"line":114,"column":15}},"26":{"start":{"line":122,"column":4},"end":{"line":122,"column":32}},"27":{"start":{"line":131,"column":4},"end":{"line":131,"column":46}},"28":{"start":{"line":132,"column":4},"end":{"line":132,"column":41}},"29":{"start":{"line":133,"column":4},"end":{"line":133,"column":15}},"30":{"start":{"line":142,"column":4},"end":{"line":142,"column":41}}},"branchMap":{"1":{"line":56,"type":"if","locations":[{"start":{"line":56,"column":4},"end":{"line":56,"column":4}},{"start":{"line":56,"column":4},"end":{"line":56,"column":4}}]},"2":{"line":71,"type":"if","locations":[{"start":{"line":71,"column":4},"end":{"line":71,"column":4}},{"start":{"line":71,"column":4},"end":{"line":71,"column":4}}]},"3":{"line":99,"type":"if","locations":[{"start":{"line":99,"column":4},"end":{"line":99,"column":4}},{"start":{"line":99,"column":4},"end":{"line":99,"column":4}}]},"4":{"line":105,"type":"if","locations":[{"start":{"line":105,"column":4},"end":{"line":105,"column":4}},{"start":{"line":105,"column":4},"end":{"line":105,"column":4}}]}}},"contracts/TestToken.sol":{"l":{"13":1,"17":0,"21":2,"25":0,"29":3,"33":0,"37":0},"path":"/Users/paulopires/Code/Majoolr/ethereum-libraries/WalletLib/truffle/contracts/TestToken.sol","s":{"1":0,"2":2,"3":0,"4":3,"5":0,"6":0},"b":{},"f":{"1":1,"2":0,"3":2,"4":0,"5":3,"6":0,"7":0},"fnMap":{"1":{"name":"TestToken","line":12,"loc":{"start":{"line":12,"column":2},"end":{"line":12,"column":22}}},"2":{"name":"totalSupply","line":16,"loc":{"start":{"line":16,"column":2},"end":{"line":16,"column":48}}},"3":{"name":"balanceOf","line":20,"loc":{"start":{"line":20,"column":2},"end":{"line":20,"column":57}}},"4":{"name":"allowance","line":24,"loc":{"start":{"line":24,"column":2},"end":{"line":24,"column":76}}},"5":{"name":"transfer","line":28,"loc":{"start":{"line":28,"column":2},"end":{"line":28,"column":61}}},"6":{"name":"transferFrom","line":32,"loc":{"start":{"line":32,"column":2},"end":{"line":32,"column":79}}},"7":{"name":"approve","line":36,"loc":{"start":{"line":36,"column":2},"end":{"line":36,"column":65}}}},"statementMap":{"1":{"start":{"line":17,"column":4},"end":{"line":17,"column":28}},"2":{"start":{"line":21,"column":4},"end":{"line":21,"column":31}},"3":{"start":{"line":25,"column":4},"end":{"line":25,"column":42}},"4":{"start":{"line":29,"column":4},"end":{"line":29,"column":36}},"5":{"start":{"line":33,"column":4},"end":{"line":33,"column":46}},"6":{"start":{"line":37,"column":4},"end":{"line":37,"column":40}}},"branchMap":{}},"contracts/WalletAdminLib.sol":{"l":{"52":1,"53":0,"54":0,"56":1,"57":0,"58":0,"60":1,"70":3,"71":1,"72":1,"74":2,"75":0,"76":0,"78":2,"89":2,"90":0,"91":0,"93":2,"94":0,"95":0,"97":2,"107":11,"108":1,"109":1,"111":10,"112":3,"113":3,"115":7,"124":19,"144":6,"145":6,"146":6,"148":6,"149":5,"150":0,"151":0,"153":5,"154":1,"155":1,"156":1,"157":0,"159":1,"160":1,"161":1,"162":1,"164":4,"165":4,"166":4,"167":1,"170":4,"171":4,"173":1,"176":5,"179":1,"180":1,"181":1,"182":1,"183":1,"184":1,"185":1,"187":4,"188":1,"190":4,"193":4,"196":5,"212":5,"213":5,"214":5,"216":5,"217":4,"219":4,"220":1,"221":1,"223":3,"224":3,"225":3,"228":3,"229":1,"231":2,"232":2,"233":2,"234":2,"236":0,"237":0,"238":0,"239":0,"243":2,"244":2,"246":1,"249":3,"252":1,"253":1,"254":1,"255":1,"256":1,"258":2,"259":2,"261":2,"263":2,"266":3,"282":5,"283":5,"284":5,"286":5,"287":4,"288":1,"289":1,"291":3,"292":2,"293":2,"296":2,"297":0,"299":2,"300":2,"301":2,"302":2,"304":1,"305":1,"306":1,"307":0,"311":3,"312":3,"314":1,"317":4,"320":1,"321":1,"322":1,"323":1,"324":1,"325":1,"326":1,"328":3,"329":2,"331":3,"333":3,"336":4,"352":8,"353":8,"355":8,"356":7,"358":7,"359":1,"360":1,"362":6,"363":5,"364":5,"365":5,"366":2,"368":3,"369":3,"370":3,"371":3,"373":1,"374":1,"375":1,"376":0,"380":4,"381":4,"383":1,"386":5,"389":2,"390":2,"391":2,"392":2,"394":3,"395":3,"397":3,"399":3,"402":5,"418":5,"419":5,"421":5,"422":4,"424":4,"425":1,"426":1,"428":3,"429":3,"430":3,"431":3,"432":1,"434":2,"435":2,"436":2,"437":2,"439":0,"440":0,"441":0,"442":0,"446":2,"447":2,"449":1,"452":3,"455":1,"456":1,"457":1,"458":1,"460":2,"461":2,"463":2,"465":2,"468":3,"484":5,"485":5,"487":5,"488":4,"490":4,"491":1,"492":1,"494":3,"495":3,"496":3,"497":3,"498":1,"500":2,"501":2,"502":2,"503":2,"505":0,"506":0,"507":0,"508":0,"512":2,"513":2,"515":1,"518":3,"521":1,"522":1,"523":1,"524":1,"526":2,"527":2,"529":2,"531":2,"534":3,"552":6,"553":6,"555":6,"556":4,"558":4,"559":0,"560":0,"562":4,"563":2,"565":2,"566":2,"567":2,"568":2,"570":2,"571":2,"572":2,"573":1,"577":3,"578":3,"580":2,"583":5,"586":2,"587":2,"588":2,"589":2,"591":3,"592":2,"594":3,"596":3,"599":5},"path":"/Users/paulopires/Code/Majoolr/ethereum-libraries/WalletLib/truffle/contracts/WalletAdminLib.sol","s":{"1":1,"2":0,"3":0,"4":1,"5":0,"6":0,"7":1,"8":3,"9":1,"10":1,"11":2,"12":0,"13":0,"14":2,"15":2,"16":0,"17":0,"18":2,"19":0,"20":0,"21":2,"22":11,"23":1,"24":1,"25":10,"26":3,"27":3,"28":7,"29":19,"30":6,"31":6,"32":6,"33":5,"34":0,"35":0,"36":5,"37":1,"38":1,"39":1,"40":0,"41":1,"42":1,"43":4,"44":4,"45":1,"46":5,"47":1,"48":1,"49":1,"50":1,"51":1,"52":1,"53":4,"54":1,"55":4,"56":4,"57":5,"58":5,"59":5,"60":5,"61":4,"62":4,"63":1,"64":1,"65":3,"66":3,"67":3,"68":3,"69":1,"70":2,"71":2,"72":0,"73":0,"74":0,"75":3,"76":1,"77":1,"78":1,"79":2,"80":2,"81":2,"82":2,"83":3,"84":5,"85":5,"86":5,"87":4,"88":1,"89":1,"90":3,"91":2,"92":2,"93":2,"94":0,"95":2,"96":2,"97":1,"98":1,"99":0,"100":4,"101":1,"102":1,"103":1,"104":1,"105":1,"106":3,"107":2,"108":3,"109":3,"110":4,"111":8,"112":8,"113":8,"114":7,"115":1,"116":1,"117":6,"118":5,"119":5,"120":5,"121":2,"122":3,"123":3,"124":1,"125":1,"126":0,"127":5,"128":2,"129":2,"130":2,"131":3,"132":3,"133":3,"134":3,"135":5,"136":5,"137":5,"138":5,"139":4,"140":1,"141":1,"142":3,"143":3,"144":3,"145":3,"146":1,"147":2,"148":2,"149":0,"150":0,"151":0,"152":3,"153":1,"154":1,"155":1,"156":2,"157":2,"158":2,"159":2,"160":3,"161":5,"162":5,"163":5,"164":4,"165":1,"166":1,"167":3,"168":3,"169":3,"170":3,"171":1,"172":2,"173":2,"174":0,"175":0,"176":0,"177":3,"178":1,"179":1,"180":1,"181":2,"182":2,"183":2,"184":2,"185":3,"186":6,"187":6,"188":6,"189":4,"190":0,"191":0,"192":4,"193":2,"194":2,"195":2,"196":2,"197":2,"198":1,"199":5,"200":2,"201":2,"202":2,"203":3,"204":2,"205":3,"206":3,"207":5},"b":{"1":[0,1],"2":[0,1],"3":[1,2],"4":[0,2],"5":[0,2],"6":[0,2],"7":[1,10],"8":[3,7],"9":[5,1],"10":[0,5],"11":[1,4],"12":[1,0],"13":[0,1],"14":[1,3],"15":[1,4],"16":[1,3],"17":[4,1],"18":[4,0],"19":[1,3],"20":[3,0],"21":[3,0],"22":[1,2],"23":[0,0],"24":[1,2],"25":[2,0],"26":[4,1],"27":[1,3],"28":[2,1],"29":[2,0],"30":[0,2],"31":[0,1],"32":[1,3],"33":[2,1],"34":[7,1],"35":[1,6],"36":[5,1],"37":[5,0],"38":[2,3],"39":[0,1],"40":[2,3],"41":[3,0],"42":[4,1],"43":[1,3],"44":[3,0],"45":[3,0],"46":[1,2],"47":[0,0],"48":[1,2],"49":[2,0],"50":[4,1],"51":[1,3],"52":[3,0],"53":[3,0],"54":[1,2],"55":[0,0],"56":[1,2],"57":[2,0],"58":[4,2],"59":[0,4],"60":[2,2],"61":[2,0],"62":[1,1],"63":[2,3],"64":[2,1]},"f":{"1":1,"2":3,"3":2,"4":11,"5":19,"6":6,"7":5,"8":5,"9":8,"10":5,"11":5,"12":6},"fnMap":{"1":{"name":"checkChangeOwnerArgs","line":51,"loc":{"start":{"line":51,"column":2},"end":{"line":51,"column":77}}},"2":{"name":"checkNewOwnerArgs","line":67,"loc":{"start":{"line":67,"column":2},"end":{"line":69,"column":3}}},"3":{"name":"checkRemoveOwnerArgs","line":86,"loc":{"start":{"line":86,"column":2},"end":{"line":88,"column":3}}},"4":{"name":"checkRequiredChange","line":104,"loc":{"start":{"line":104,"column":2},"end":{"line":106,"column":3}}},"5":{"name":"calcConfirmsNeeded","line":123,"loc":{"start":{"line":123,"column":2},"end":{"line":123,"column":81}}},"6":{"name":"changeOwner","line":137,"loc":{"start":{"line":137,"column":2},"end":{"line":143,"column":3}}},"7":{"name":"addOwner","line":206,"loc":{"start":{"line":206,"column":2},"end":{"line":211,"column":3}}},"8":{"name":"removeOwner","line":276,"loc":{"start":{"line":276,"column":2},"end":{"line":281,"column":3}}},"9":{"name":"changeRequiredAdmin","line":346,"loc":{"start":{"line":346,"column":2},"end":{"line":351,"column":3}}},"10":{"name":"changeRequiredMajor","line":412,"loc":{"start":{"line":412,"column":2},"end":{"line":417,"column":3}}},"11":{"name":"changeRequiredMinor","line":478,"loc":{"start":{"line":478,"column":2},"end":{"line":483,"column":3}}},"12":{"name":"changeMajorThreshold","line":545,"loc":{"start":{"line":545,"column":2},"end":{"line":551,"column":3}}}},"statementMap":{"1":{"start":{"line":52,"column":4},"end":{"line":52,"column":2202}},"2":{"start":{"line":53,"column":6},"end":{"line":53,"column":53}},"3":{"start":{"line":54,"column":6},"end":{"line":54,"column":18}},"4":{"start":{"line":56,"column":4},"end":{"line":56,"column":2304}},"5":{"start":{"line":57,"column":6},"end":{"line":57,"column":47}},"6":{"start":{"line":58,"column":6},"end":{"line":58,"column":18}},"7":{"start":{"line":60,"column":4},"end":{"line":60,"column":15}},"8":{"start":{"line":70,"column":4},"end":{"line":70,"column":2742}},"9":{"start":{"line":71,"column":6},"end":{"line":71,"column":41}},"10":{"start":{"line":72,"column":6},"end":{"line":72,"column":18}},"11":{"start":{"line":74,"column":4},"end":{"line":74,"column":2833}},"12":{"start":{"line":75,"column":6},"end":{"line":75,"column":33}},"13":{"start":{"line":76,"column":6},"end":{"line":76,"column":18}},"14":{"start":{"line":78,"column":4},"end":{"line":78,"column":15}},"15":{"start":{"line":89,"column":4},"end":{"line":89,"column":3338}},"16":{"start":{"line":90,"column":6},"end":{"line":90,"column":45}},"17":{"start":{"line":91,"column":6},"end":{"line":91,"column":18}},"18":{"start":{"line":93,"column":4},"end":{"line":93,"column":3433}},"19":{"start":{"line":94,"column":6},"end":{"line":94,"column":49}},"20":{"start":{"line":95,"column":6},"end":{"line":95,"column":18}},"21":{"start":{"line":97,"column":4},"end":{"line":97,"column":15}},"22":{"start":{"line":107,"column":4},"end":{"line":107,"column":3901}},"23":{"start":{"line":108,"column":6},"end":{"line":108,"column":34}},"24":{"start":{"line":109,"column":6},"end":{"line":109,"column":18}},"25":{"start":{"line":111,"column":4},"end":{"line":111,"column":3991}},"26":{"start":{"line":112,"column":6},"end":{"line":112,"column":45}},"27":{"start":{"line":113,"column":6},"end":{"line":113,"column":18}},"28":{"start":{"line":115,"column":4},"end":{"line":115,"column":15}},"29":{"start":{"line":124,"column":4},"end":{"line":124,"column":29}},"30":{"start":{"line":144,"column":4},"end":{"line":144,"column":46}},"31":{"start":{"line":145,"column":4},"end":{"line":145,"column":50}},"32":{"start":{"line":148,"column":4},"end":{"line":148,"column":5291}},"33":{"start":{"line":149,"column":6},"end":{"line":149,"column":5332}},"34":{"start":{"line":150,"column":8},"end":{"line":150,"column":40}},"35":{"start":{"line":151,"column":8},"end":{"line":151,"column":28}},"36":{"start":{"line":153,"column":8},"end":{"line":153,"column":5446}},"37":{"start":{"line":154,"column":10},"end":{"line":154,"column":49}},"38":{"start":{"line":155,"column":10},"end":{"line":155,"column":85}},"39":{"start":{"line":156,"column":10},"end":{"line":156,"column":5684}},"40":{"start":{"line":157,"column":12},"end":{"line":157,"column":28}},"41":{"start":{"line":160,"column":10},"end":{"line":160,"column":80}},"42":{"start":{"line":161,"column":10},"end":{"line":161,"column":62}},"43":{"start":{"line":165,"column":10},"end":{"line":165,"column":55}},"44":{"start":{"line":166,"column":10},"end":{"line":166,"column":6083}},"45":{"start":{"line":167,"column":12},"end":{"line":167,"column":30}},"46":{"start":{"line":176,"column":4},"end":{"line":176,"column":6302}},"47":{"start":{"line":179,"column":6},"end":{"line":179,"column":54}},"48":{"start":{"line":180,"column":6},"end":{"line":180,"column":36}},"49":{"start":{"line":181,"column":6},"end":{"line":181,"column":31}},"50":{"start":{"line":182,"column":6},"end":{"line":182,"column":25}},"51":{"start":{"line":183,"column":6},"end":{"line":183,"column":29}},"52":{"start":{"line":185,"column":6},"end":{"line":185,"column":32}},"53":{"start":{"line":187,"column":6},"end":{"line":187,"column":6770}},"54":{"start":{"line":188,"column":8},"end":{"line":188,"column":54}},"55":{"start":{"line":190,"column":6},"end":{"line":190,"column":6929}},"56":{"start":{"line":193,"column":6},"end":{"line":193,"column":61}},"57":{"start":{"line":196,"column":4},"end":{"line":196,"column":21}},"58":{"start":{"line":212,"column":4},"end":{"line":212,"column":43}},"59":{"start":{"line":213,"column":4},"end":{"line":213,"column":50}},"60":{"start":{"line":216,"column":4},"end":{"line":216,"column":7863}},"61":{"start":{"line":217,"column":6},"end":{"line":217,"column":28}},"62":{"start":{"line":219,"column":6},"end":{"line":219,"column":7936}},"63":{"start":{"line":220,"column":8},"end":{"line":220,"column":40}},"64":{"start":{"line":221,"column":8},"end":{"line":221,"column":28}},"65":{"start":{"line":223,"column":8},"end":{"line":223,"column":8050}},"66":{"start":{"line":224,"column":10},"end":{"line":224,"column":49}},"67":{"start":{"line":225,"column":10},"end":{"line":225,"column":8224}},"68":{"start":{"line":228,"column":10},"end":{"line":228,"column":8379}},"69":{"start":{"line":229,"column":12},"end":{"line":229,"column":28}},"70":{"start":{"line":232,"column":10},"end":{"line":232,"column":80}},"71":{"start":{"line":233,"column":10},"end":{"line":233,"column":62}},"72":{"start":{"line":237,"column":10},"end":{"line":237,"column":55}},"73":{"start":{"line":238,"column":10},"end":{"line":238,"column":8778}},"74":{"start":{"line":239,"column":12},"end":{"line":239,"column":30}},"75":{"start":{"line":249,"column":4},"end":{"line":249,"column":8995}},"76":{"start":{"line":252,"column":6},"end":{"line":252,"column":54}},"77":{"start":{"line":254,"column":6},"end":{"line":254,"column":56}},"78":{"start":{"line":256,"column":6},"end":{"line":256,"column":29}},"79":{"start":{"line":258,"column":6},"end":{"line":258,"column":9421}},"80":{"start":{"line":259,"column":8},"end":{"line":259,"column":54}},"81":{"start":{"line":261,"column":6},"end":{"line":261,"column":9580}},"82":{"start":{"line":263,"column":6},"end":{"line":263,"column":61}},"83":{"start":{"line":266,"column":4},"end":{"line":266,"column":21}},"84":{"start":{"line":282,"column":4},"end":{"line":282,"column":51}},"85":{"start":{"line":283,"column":4},"end":{"line":283,"column":50}},"86":{"start":{"line":286,"column":4},"end":{"line":286,"column":10560}},"87":{"start":{"line":287,"column":6},"end":{"line":287,"column":10601}},"88":{"start":{"line":288,"column":8},"end":{"line":288,"column":40}},"89":{"start":{"line":289,"column":8},"end":{"line":289,"column":28}},"90":{"start":{"line":291,"column":8},"end":{"line":291,"column":10715}},"91":{"start":{"line":292,"column":10},"end":{"line":292,"column":49}},"92":{"start":{"line":293,"column":10},"end":{"line":293,"column":10896}},"93":{"start":{"line":296,"column":10},"end":{"line":296,"column":11062}},"94":{"start":{"line":297,"column":12},"end":{"line":297,"column":28}},"95":{"start":{"line":300,"column":10},"end":{"line":300,"column":80}},"96":{"start":{"line":301,"column":10},"end":{"line":301,"column":62}},"97":{"start":{"line":305,"column":10},"end":{"line":305,"column":55}},"98":{"start":{"line":306,"column":10},"end":{"line":306,"column":11461}},"99":{"start":{"line":307,"column":12},"end":{"line":307,"column":30}},"100":{"start":{"line":317,"column":4},"end":{"line":317,"column":11678}},"101":{"start":{"line":320,"column":6},"end":{"line":320,"column":54}},"102":{"start":{"line":321,"column":6},"end":{"line":321,"column":87}},"103":{"start":{"line":322,"column":6},"end":{"line":322,"column":91}},"104":{"start":{"line":323,"column":6},"end":{"line":323,"column":40}},"105":{"start":{"line":326,"column":6},"end":{"line":326,"column":36}},"106":{"start":{"line":328,"column":6},"end":{"line":328,"column":12272}},"107":{"start":{"line":329,"column":8},"end":{"line":329,"column":54}},"108":{"start":{"line":331,"column":6},"end":{"line":331,"column":12431}},"109":{"start":{"line":333,"column":6},"end":{"line":333,"column":61}},"110":{"start":{"line":336,"column":4},"end":{"line":336,"column":21}},"111":{"start":{"line":352,"column":4},"end":{"line":352,"column":59}},"112":{"start":{"line":353,"column":4},"end":{"line":353,"column":50}},"113":{"start":{"line":355,"column":4},"end":{"line":355,"column":13461}},"114":{"start":{"line":358,"column":6},"end":{"line":358,"column":13523}},"115":{"start":{"line":359,"column":8},"end":{"line":359,"column":40}},"116":{"start":{"line":360,"column":8},"end":{"line":360,"column":28}},"117":{"start":{"line":362,"column":8},"end":{"line":362,"column":13637}},"118":{"start":{"line":363,"column":10},"end":{"line":363,"column":49}},"119":{"start":{"line":364,"column":10},"end":{"line":364,"column":74}},"120":{"start":{"line":365,"column":10},"end":{"line":365,"column":13864}},"121":{"start":{"line":366,"column":12},"end":{"line":366,"column":28}},"122":{"start":{"line":369,"column":10},"end":{"line":369,"column":80}},"123":{"start":{"line":370,"column":10},"end":{"line":370,"column":62}},"124":{"start":{"line":374,"column":10},"end":{"line":374,"column":55}},"125":{"start":{"line":375,"column":10},"end":{"line":375,"column":14263}},"126":{"start":{"line":376,"column":12},"end":{"line":376,"column":30}},"127":{"start":{"line":386,"column":4},"end":{"line":386,"column":14480}},"128":{"start":{"line":389,"column":6},"end":{"line":389,"column":54}},"129":{"start":{"line":390,"column":6},"end":{"line":390,"column":40}},"130":{"start":{"line":392,"column":6},"end":{"line":392,"column":41}},"131":{"start":{"line":394,"column":6},"end":{"line":394,"column":14866}},"132":{"start":{"line":395,"column":8},"end":{"line":395,"column":54}},"133":{"start":{"line":397,"column":6},"end":{"line":397,"column":15025}},"134":{"start":{"line":399,"column":6},"end":{"line":399,"column":61}},"135":{"start":{"line":402,"column":4},"end":{"line":402,"column":21}},"136":{"start":{"line":418,"column":4},"end":{"line":418,"column":59}},"137":{"start":{"line":419,"column":4},"end":{"line":419,"column":50}},"138":{"start":{"line":421,"column":4},"end":{"line":421,"column":16050}},"139":{"start":{"line":424,"column":6},"end":{"line":424,"column":16112}},"140":{"start":{"line":425,"column":8},"end":{"line":425,"column":40}},"141":{"start":{"line":426,"column":8},"end":{"line":426,"column":28}},"142":{"start":{"line":428,"column":8},"end":{"line":428,"column":16226}},"143":{"start":{"line":429,"column":10},"end":{"line":429,"column":49}},"144":{"start":{"line":430,"column":10},"end":{"line":430,"column":74}},"145":{"start":{"line":431,"column":10},"end":{"line":431,"column":16453}},"146":{"start":{"line":432,"column":12},"end":{"line":432,"column":28}},"147":{"start":{"line":435,"column":10},"end":{"line":435,"column":80}},"148":{"start":{"line":436,"column":10},"end":{"line":436,"column":62}},"149":{"start":{"line":440,"column":10},"end":{"line":440,"column":55}},"150":{"start":{"line":441,"column":10},"end":{"line":441,"column":16852}},"151":{"start":{"line":442,"column":12},"end":{"line":442,"column":30}},"152":{"start":{"line":452,"column":4},"end":{"line":452,"column":17069}},"153":{"start":{"line":455,"column":6},"end":{"line":455,"column":54}},"154":{"start":{"line":456,"column":6},"end":{"line":456,"column":40}},"155":{"start":{"line":458,"column":6},"end":{"line":458,"column":41}},"156":{"start":{"line":460,"column":6},"end":{"line":460,"column":17456}},"157":{"start":{"line":461,"column":8},"end":{"line":461,"column":54}},"158":{"start":{"line":463,"column":6},"end":{"line":463,"column":17615}},"159":{"start":{"line":465,"column":6},"end":{"line":465,"column":61}},"160":{"start":{"line":468,"column":4},"end":{"line":468,"column":21}},"161":{"start":{"line":484,"column":4},"end":{"line":484,"column":59}},"162":{"start":{"line":485,"column":4},"end":{"line":485,"column":50}},"163":{"start":{"line":487,"column":4},"end":{"line":487,"column":18640}},"164":{"start":{"line":490,"column":6},"end":{"line":490,"column":18702}},"165":{"start":{"line":491,"column":8},"end":{"line":491,"column":40}},"166":{"start":{"line":492,"column":8},"end":{"line":492,"column":28}},"167":{"start":{"line":494,"column":8},"end":{"line":494,"column":18816}},"168":{"start":{"line":495,"column":10},"end":{"line":495,"column":49}},"169":{"start":{"line":496,"column":10},"end":{"line":496,"column":74}},"170":{"start":{"line":497,"column":10},"end":{"line":497,"column":19043}},"171":{"start":{"line":498,"column":12},"end":{"line":498,"column":28}},"172":{"start":{"line":501,"column":10},"end":{"line":501,"column":80}},"173":{"start":{"line":502,"column":10},"end":{"line":502,"column":62}},"174":{"start":{"line":506,"column":10},"end":{"line":506,"column":55}},"175":{"start":{"line":507,"column":10},"end":{"line":507,"column":19442}},"176":{"start":{"line":508,"column":12},"end":{"line":508,"column":30}},"177":{"start":{"line":518,"column":4},"end":{"line":518,"column":19659}},"178":{"start":{"line":521,"column":6},"end":{"line":521,"column":54}},"179":{"start":{"line":522,"column":6},"end":{"line":522,"column":40}},"180":{"start":{"line":524,"column":6},"end":{"line":524,"column":41}},"181":{"start":{"line":526,"column":6},"end":{"line":526,"column":20046}},"182":{"start":{"line":527,"column":8},"end":{"line":527,"column":54}},"183":{"start":{"line":529,"column":6},"end":{"line":529,"column":20205}},"184":{"start":{"line":531,"column":6},"end":{"line":531,"column":61}},"185":{"start":{"line":534,"column":4},"end":{"line":534,"column":21}},"186":{"start":{"line":552,"column":4},"end":{"line":552,"column":70}},"187":{"start":{"line":553,"column":4},"end":{"line":553,"column":50}},"188":{"start":{"line":555,"column":4},"end":{"line":555,"column":21344}},"189":{"start":{"line":558,"column":6},"end":{"line":558,"column":21406}},"190":{"start":{"line":559,"column":8},"end":{"line":559,"column":40}},"191":{"start":{"line":560,"column":8},"end":{"line":560,"column":28}},"192":{"start":{"line":562,"column":8},"end":{"line":562,"column":21520}},"193":{"start":{"line":563,"column":10},"end":{"line":563,"column":49}},"194":{"start":{"line":566,"column":10},"end":{"line":566,"column":80}},"195":{"start":{"line":567,"column":10},"end":{"line":567,"column":62}},"196":{"start":{"line":571,"column":10},"end":{"line":571,"column":55}},"197":{"start":{"line":572,"column":10},"end":{"line":572,"column":22016}},"198":{"start":{"line":573,"column":12},"end":{"line":573,"column":30}},"199":{"start":{"line":583,"column":4},"end":{"line":583,"column":22233}},"200":{"start":{"line":586,"column":6},"end":{"line":586,"column":54}},"201":{"start":{"line":587,"column":6},"end":{"line":587,"column":50}},"202":{"start":{"line":589,"column":6},"end":{"line":589,"column":48}},"203":{"start":{"line":591,"column":6},"end":{"line":591,"column":22637}},"204":{"start":{"line":592,"column":8},"end":{"line":592,"column":54}},"205":{"start":{"line":594,"column":6},"end":{"line":594,"column":22796}},"206":{"start":{"line":596,"column":6},"end":{"line":596,"column":61}},"207":{"start":{"line":599,"column":4},"end":{"line":599,"column":21}}},"branchMap":{"1":{"line":52,"type":"if","locations":[{"start":{"line":52,"column":4},"end":{"line":52,"column":4}},{"start":{"line":52,"column":4},"end":{"line":52,"column":4}}]},"2":{"line":56,"type":"if","locations":[{"start":{"line":56,"column":4},"end":{"line":56,"column":4}},{"start":{"line":56,"column":4},"end":{"line":56,"column":4}}]},"3":{"line":70,"type":"if","locations":[{"start":{"line":70,"column":4},"end":{"line":70,"column":4}},{"start":{"line":70,"column":4},"end":{"line":70,"column":4}}]},"4":{"line":74,"type":"if","locations":[{"start":{"line":74,"column":4},"end":{"line":74,"column":4}},{"start":{"line":74,"column":4},"end":{"line":74,"column":4}}]},"5":{"line":89,"type":"if","locations":[{"start":{"line":89,"column":4},"end":{"line":89,"column":4}},{"start":{"line":89,"column":4},"end":{"line":89,"column":4}}]},"6":{"line":93,"type":"if","locations":[{"start":{"line":93,"column":4},"end":{"line":93,"column":4}},{"start":{"line":93,"column":4},"end":{"line":93,"column":4}}]},"7":{"line":107,"type":"if","locations":[{"start":{"line":107,"column":4},"end":{"line":107,"column":4}},{"start":{"line":107,"column":4},"end":{"line":107,"column":4}}]},"8":{"line":111,"type":"if","locations":[{"start":{"line":111,"column":4},"end":{"line":111,"column":4}},{"start":{"line":111,"column":4},"end":{"line":111,"column":4}}]},"9":{"line":148,"type":"if","locations":[{"start":{"line":148,"column":4},"end":{"line":148,"column":4}},{"start":{"line":148,"column":4},"end":{"line":148,"column":4}}]},"10":{"line":149,"type":"if","locations":[{"start":{"line":149,"column":6},"end":{"line":149,"column":6}},{"start":{"line":149,"column":6},"end":{"line":149,"column":6}}]},"11":{"line":153,"type":"if","locations":[{"start":{"line":153,"column":8},"end":{"line":153,"column":8}},{"start":{"line":153,"column":8},"end":{"line":153,"column":8}}]},"12":{"line":154,"type":"if","locations":[{"start":{"line":154,"column":10},"end":{"line":154,"column":10}},{"start":{"line":154,"column":10},"end":{"line":154,"column":10}}]},"13":{"line":156,"type":"if","locations":[{"start":{"line":156,"column":10},"end":{"line":156,"column":10}},{"start":{"line":156,"column":10},"end":{"line":156,"column":10}}]},"14":{"line":166,"type":"if","locations":[{"start":{"line":166,"column":10},"end":{"line":166,"column":10}},{"start":{"line":166,"column":10},"end":{"line":166,"column":10}}]},"15":{"line":176,"type":"if","locations":[{"start":{"line":176,"column":4},"end":{"line":176,"column":4}},{"start":{"line":176,"column":4},"end":{"line":176,"column":4}}]},"16":{"line":187,"type":"if","locations":[{"start":{"line":187,"column":6},"end":{"line":187,"column":6}},{"start":{"line":187,"column":6},"end":{"line":187,"column":6}}]},"17":{"line":216,"type":"if","locations":[{"start":{"line":216,"column":4},"end":{"line":216,"column":4}},{"start":{"line":216,"column":4},"end":{"line":216,"column":4}}]},"18":{"line":217,"type":"if","locations":[{"start":{"line":217,"column":6},"end":{"line":217,"column":6}},{"start":{"line":217,"column":6},"end":{"line":217,"column":6}}]},"19":{"line":219,"type":"if","locations":[{"start":{"line":219,"column":6},"end":{"line":219,"column":6}},{"start":{"line":219,"column":6},"end":{"line":219,"column":6}}]},"20":{"line":223,"type":"if","locations":[{"start":{"line":223,"column":8},"end":{"line":223,"column":8}},{"start":{"line":223,"column":8},"end":{"line":223,"column":8}}]},"21":{"line":224,"type":"if","locations":[{"start":{"line":224,"column":10},"end":{"line":224,"column":10}},{"start":{"line":224,"column":10},"end":{"line":224,"column":10}}]},"22":{"line":228,"type":"if","locations":[{"start":{"line":228,"column":10},"end":{"line":228,"column":10}},{"start":{"line":228,"column":10},"end":{"line":228,"column":10}}]},"23":{"line":238,"type":"if","locations":[{"start":{"line":238,"column":10},"end":{"line":238,"column":10}},{"start":{"line":238,"column":10},"end":{"line":238,"column":10}}]},"24":{"line":249,"type":"if","locations":[{"start":{"line":249,"column":4},"end":{"line":249,"column":4}},{"start":{"line":249,"column":4},"end":{"line":249,"column":4}}]},"25":{"line":258,"type":"if","locations":[{"start":{"line":258,"column":6},"end":{"line":258,"column":6}},{"start":{"line":258,"column":6},"end":{"line":258,"column":6}}]},"26":{"line":286,"type":"if","locations":[{"start":{"line":286,"column":4},"end":{"line":286,"column":4}},{"start":{"line":286,"column":4},"end":{"line":286,"column":4}}]},"27":{"line":287,"type":"if","locations":[{"start":{"line":287,"column":6},"end":{"line":287,"column":6}},{"start":{"line":287,"column":6},"end":{"line":287,"column":6}}]},"28":{"line":291,"type":"if","locations":[{"start":{"line":291,"column":8},"end":{"line":291,"column":8}},{"start":{"line":291,"column":8},"end":{"line":291,"column":8}}]},"29":{"line":292,"type":"if","locations":[{"start":{"line":292,"column":10},"end":{"line":292,"column":10}},{"start":{"line":292,"column":10},"end":{"line":292,"column":10}}]},"30":{"line":296,"type":"if","locations":[{"start":{"line":296,"column":10},"end":{"line":296,"column":10}},{"start":{"line":296,"column":10},"end":{"line":296,"column":10}}]},"31":{"line":306,"type":"if","locations":[{"start":{"line":306,"column":10},"end":{"line":306,"column":10}},{"start":{"line":306,"column":10},"end":{"line":306,"column":10}}]},"32":{"line":317,"type":"if","locations":[{"start":{"line":317,"column":4},"end":{"line":317,"column":4}},{"start":{"line":317,"column":4},"end":{"line":317,"column":4}}]},"33":{"line":328,"type":"if","locations":[{"start":{"line":328,"column":6},"end":{"line":328,"column":6}},{"start":{"line":328,"column":6},"end":{"line":328,"column":6}}]},"34":{"line":355,"type":"if","locations":[{"start":{"line":355,"column":4},"end":{"line":355,"column":4}},{"start":{"line":355,"column":4},"end":{"line":355,"column":4}}]},"35":{"line":358,"type":"if","locations":[{"start":{"line":358,"column":6},"end":{"line":358,"column":6}},{"start":{"line":358,"column":6},"end":{"line":358,"column":6}}]},"36":{"line":362,"type":"if","locations":[{"start":{"line":362,"column":8},"end":{"line":362,"column":8}},{"start":{"line":362,"column":8},"end":{"line":362,"column":8}}]},"37":{"line":363,"type":"if","locations":[{"start":{"line":363,"column":10},"end":{"line":363,"column":10}},{"start":{"line":363,"column":10},"end":{"line":363,"column":10}}]},"38":{"line":365,"type":"if","locations":[{"start":{"line":365,"column":10},"end":{"line":365,"column":10}},{"start":{"line":365,"column":10},"end":{"line":365,"column":10}}]},"39":{"line":375,"type":"if","locations":[{"start":{"line":375,"column":10},"end":{"line":375,"column":10}},{"start":{"line":375,"column":10},"end":{"line":375,"column":10}}]},"40":{"line":386,"type":"if","locations":[{"start":{"line":386,"column":4},"end":{"line":386,"column":4}},{"start":{"line":386,"column":4},"end":{"line":386,"column":4}}]},"41":{"line":394,"type":"if","locations":[{"start":{"line":394,"column":6},"end":{"line":394,"column":6}},{"start":{"line":394,"column":6},"end":{"line":394,"column":6}}]},"42":{"line":421,"type":"if","locations":[{"start":{"line":421,"column":4},"end":{"line":421,"column":4}},{"start":{"line":421,"column":4},"end":{"line":421,"column":4}}]},"43":{"line":424,"type":"if","locations":[{"start":{"line":424,"column":6},"end":{"line":424,"column":6}},{"start":{"line":424,"column":6},"end":{"line":424,"column":6}}]},"44":{"line":428,"type":"if","locations":[{"start":{"line":428,"column":8},"end":{"line":428,"column":8}},{"start":{"line":428,"column":8},"end":{"line":428,"column":8}}]},"45":{"line":429,"type":"if","locations":[{"start":{"line":429,"column":10},"end":{"line":429,"column":10}},{"start":{"line":429,"column":10},"end":{"line":429,"column":10}}]},"46":{"line":431,"type":"if","locations":[{"start":{"line":431,"column":10},"end":{"line":431,"column":10}},{"start":{"line":431,"column":10},"end":{"line":431,"column":10}}]},"47":{"line":441,"type":"if","locations":[{"start":{"line":441,"column":10},"end":{"line":441,"column":10}},{"start":{"line":441,"column":10},"end":{"line":441,"column":10}}]},"48":{"line":452,"type":"if","locations":[{"start":{"line":452,"column":4},"end":{"line":452,"column":4}},{"start":{"line":452,"column":4},"end":{"line":452,"column":4}}]},"49":{"line":460,"type":"if","locations":[{"start":{"line":460,"column":6},"end":{"line":460,"column":6}},{"start":{"line":460,"column":6},"end":{"line":460,"column":6}}]},"50":{"line":487,"type":"if","locations":[{"start":{"line":487,"column":4},"end":{"line":487,"column":4}},{"start":{"line":487,"column":4},"end":{"line":487,"column":4}}]},"51":{"line":490,"type":"if","locations":[{"start":{"line":490,"column":6},"end":{"line":490,"column":6}},{"start":{"line":490,"column":6},"end":{"line":490,"column":6}}]},"52":{"line":494,"type":"if","locations":[{"start":{"line":494,"column":8},"end":{"line":494,"column":8}},{"start":{"line":494,"column":8},"end":{"line":494,"column":8}}]},"53":{"line":495,"type":"if","locations":[{"start":{"line":495,"column":10},"end":{"line":495,"column":10}},{"start":{"line":495,"column":10},"end":{"line":495,"column":10}}]},"54":{"line":497,"type":"if","locations":[{"start":{"line":497,"column":10},"end":{"line":497,"column":10}},{"start":{"line":497,"column":10},"end":{"line":497,"column":10}}]},"55":{"line":507,"type":"if","locations":[{"start":{"line":507,"column":10},"end":{"line":507,"column":10}},{"start":{"line":507,"column":10},"end":{"line":507,"column":10}}]},"56":{"line":518,"type":"if","locations":[{"start":{"line":518,"column":4},"end":{"line":518,"column":4}},{"start":{"line":518,"column":4},"end":{"line":518,"column":4}}]},"57":{"line":526,"type":"if","locations":[{"start":{"line":526,"column":6},"end":{"line":526,"column":6}},{"start":{"line":526,"column":6},"end":{"line":526,"column":6}}]},"58":{"line":555,"type":"if","locations":[{"start":{"line":555,"column":4},"end":{"line":555,"column":4}},{"start":{"line":555,"column":4},"end":{"line":555,"column":4}}]},"59":{"line":558,"type":"if","locations":[{"start":{"line":558,"column":6},"end":{"line":558,"column":6}},{"start":{"line":558,"column":6},"end":{"line":558,"column":6}}]},"60":{"line":562,"type":"if","locations":[{"start":{"line":562,"column":8},"end":{"line":562,"column":8}},{"start":{"line":562,"column":8},"end":{"line":562,"column":8}}]},"61":{"line":563,"type":"if","locations":[{"start":{"line":563,"column":10},"end":{"line":563,"column":10}},{"start":{"line":563,"column":10},"end":{"line":563,"column":10}}]},"62":{"line":572,"type":"if","locations":[{"start":{"line":572,"column":10},"end":{"line":572,"column":10}},{"start":{"line":572,"column":10},"end":{"line":572,"column":10}}]},"63":{"line":583,"type":"if","locations":[{"start":{"line":583,"column":4},"end":{"line":583,"column":4}},{"start":{"line":583,"column":4},"end":{"line":583,"column":4}}]},"64":{"line":591,"type":"if","locations":[{"start":{"line":591,"column":6},"end":{"line":591,"column":6}},{"start":{"line":591,"column":6},"end":{"line":591,"column":6}}]}}},"contracts/WalletGetterLib.sol":{"l":{"41":2,"42":2,"43":12,"45":2,"53":6,"60":1,"67":1,"74":3,"81":2,"88":2,"96":0,"97":0,"98":0,"99":0,"107":3,"115":0,"116":0,"117":0,"118":0,"120":0,"128":20,"141":0,"142":0,"143":0,"145":0,"158":15,"171":0},"path":"/Users/paulopires/Code/Majoolr/ethereum-libraries/WalletLib/truffle/contracts/WalletGetterLib.sol","s":{"1":2,"2":12,"3":2,"4":6,"5":1,"6":1,"7":3,"8":2,"9":2,"10":0,"11":0,"12":0,"13":3,"14":0,"15":0,"16":0,"17":0,"18":20,"19":0,"20":0,"21":0,"22":15,"23":0},"b":{},"f":{"1":2,"2":6,"3":1,"4":1,"5":3,"6":2,"7":2,"8":0,"9":3,"10":0,"11":20,"12":0,"13":15,"14":0},"fnMap":{"1":{"name":"getOwners","line":40,"loc":{"start":{"line":40,"column":2},"end":{"line":40,"column":90}}},"2":{"name":"getOwnerIndex","line":52,"loc":{"start":{"line":52,"column":2},"end":{"line":52,"column":103}}},"3":{"name":"getMaxOwners","line":59,"loc":{"start":{"line":59,"column":2},"end":{"line":59,"column":86}}},"4":{"name":"getOwnerCount","line":66,"loc":{"start":{"line":66,"column":2},"end":{"line":66,"column":87}}},"5":{"name":"getRequiredAdmin","line":73,"loc":{"start":{"line":73,"column":2},"end":{"line":73,"column":90}}},"6":{"name":"getRequiredMinor","line":80,"loc":{"start":{"line":80,"column":2},"end":{"line":80,"column":90}}},"7":{"name":"getRequiredMajor","line":87,"loc":{"start":{"line":87,"column":2},"end":{"line":87,"column":90}}},"8":{"name":"getCurrentSpend","line":95,"loc":{"start":{"line":95,"column":2},"end":{"line":95,"column":108}}},"9":{"name":"getMajorThreshold","line":106,"loc":{"start":{"line":106,"column":2},"end":{"line":106,"column":107}}},"10":{"name":"getTransactions","line":114,"loc":{"start":{"line":114,"column":2},"end":{"line":114,"column":108}}},"11":{"name":"getTransactionLength","line":127,"loc":{"start":{"line":127,"column":2},"end":{"line":127,"column":107}}},"12":{"name":"getTransactionConfirms","line":136,"loc":{"start":{"line":136,"column":2},"end":{"line":140,"column":3}}},"13":{"name":"getTransactionConfirmCount","line":153,"loc":{"start":{"line":153,"column":2},"end":{"line":157,"column":3}}},"14":{"name":"getTransactionSuccess","line":166,"loc":{"start":{"line":166,"column":2},"end":{"line":170,"column":3}}}},"statementMap":{"1":{"start":{"line":42,"column":4},"end":{"line":42,"column":1768}},"2":{"start":{"line":43,"column":6},"end":{"line":43,"column":26}},"3":{"start":{"line":45,"column":4},"end":{"line":45,"column":12}},"4":{"start":{"line":53,"column":4},"end":{"line":53,"column":34}},"5":{"start":{"line":60,"column":4},"end":{"line":60,"column":25}},"6":{"start":{"line":67,"column":4},"end":{"line":67,"column":33}},"7":{"start":{"line":74,"column":4},"end":{"line":74,"column":29}},"8":{"start":{"line":81,"column":4},"end":{"line":81,"column":29}},"9":{"start":{"line":88,"column":4},"end":{"line":88,"column":29}},"10":{"start":{"line":97,"column":4},"end":{"line":97,"column":39}},"11":{"start":{"line":98,"column":4},"end":{"line":98,"column":39}},"12":{"start":{"line":99,"column":4},"end":{"line":99,"column":13}},"13":{"start":{"line":107,"column":4},"end":{"line":107,"column":38}},"14":{"start":{"line":116,"column":4},"end":{"line":116,"column":48}},"15":{"start":{"line":117,"column":4},"end":{"line":117,"column":4677}},"16":{"start":{"line":118,"column":6},"end":{"line":118,"column":44}},"17":{"start":{"line":120,"column":4},"end":{"line":120,"column":12}},"18":{"start":{"line":128,"column":4},"end":{"line":128,"column":43}},"19":{"start":{"line":142,"column":4},"end":{"line":142,"column":5710}},"20":{"start":{"line":143,"column":6},"end":{"line":143,"column":66}},"21":{"start":{"line":145,"column":4},"end":{"line":145,"column":13}},"22":{"start":{"line":158,"column":4},"end":{"line":158,"column":58}},"23":{"start":{"line":171,"column":4},"end":{"line":171,"column":53}}},"branchMap":{}},"contracts/WalletLibTestContract.sol":{"l":{"17":1,"18":1,"19":1,"20":1,"21":1,"22":1,"23":1,"27":2,"33":2,"37":6,"41":1,"45":1,"49":3,"53":2,"57":2,"61":0,"65":3,"69":0,"73":20,"77":0,"81":15,"85":0,"91":6,"95":5,"99":5,"103":8,"107":5,"111":5,"115":6,"121":12,"125":28,"129":11,"133":2},"path":"/Users/paulopires/Code/Majoolr/ethereum-libraries/WalletLib/truffle/contracts/WalletLibTestContract.sol","s":{"1":1,"2":1,"3":1,"4":1,"5":1,"6":1,"7":2,"8":2,"9":6,"10":1,"11":1,"12":3,"13":2,"14":2,"15":0,"16":3,"17":0,"18":20,"19":0,"20":15,"21":0,"22":6,"23":5,"24":5,"25":8,"26":5,"27":5,"28":6,"29":12,"30":28,"31":11,"32":2},"b":{},"f":{"1":1,"2":2,"3":2,"4":6,"5":1,"6":1,"7":3,"8":2,"9":2,"10":0,"11":3,"12":0,"13":20,"14":0,"15":15,"16":0,"17":6,"18":5,"19":5,"20":8,"21":5,"22":5,"23":6,"24":12,"25":28,"26":11,"27":2},"fnMap":{"1":{"name":"WalletLibTestContract","line":16,"loc":{"start":{"line":16,"column":2},"end":{"line":16,"column":34}}},"2":{"name":null,"line":26,"loc":{"start":{"line":26,"column":2},"end":{"line":26,"column":20}}},"3":{"name":"owners","line":32,"loc":{"start":{"line":32,"column":2},"end":{"line":32,"column":50}}},"4":{"name":"ownerIndex","line":36,"loc":{"start":{"line":36,"column":2},"end":{"line":36,"column":61}}},"5":{"name":"maxOwners","line":40,"loc":{"start":{"line":40,"column":2},"end":{"line":40,"column":46}}},"6":{"name":"ownerCount","line":44,"loc":{"start":{"line":44,"column":2},"end":{"line":44,"column":47}}},"7":{"name":"requiredAdmin","line":48,"loc":{"start":{"line":48,"column":2},"end":{"line":48,"column":50}}},"8":{"name":"requiredMinor","line":52,"loc":{"start":{"line":52,"column":2},"end":{"line":52,"column":50}}},"9":{"name":"requiredMajor","line":56,"loc":{"start":{"line":56,"column":2},"end":{"line":56,"column":50}}},"10":{"name":"currentSpend","line":60,"loc":{"start":{"line":60,"column":2},"end":{"line":60,"column":66}}},"11":{"name":"majorThreshold","line":64,"loc":{"start":{"line":64,"column":2},"end":{"line":64,"column":65}}},"12":{"name":"transactions","line":68,"loc":{"start":{"line":68,"column":2},"end":{"line":68,"column":66}}},"13":{"name":"transactionLength","line":72,"loc":{"start":{"line":72,"column":2},"end":{"line":72,"column":65}}},"14":{"name":"transactionConfirms","line":76,"loc":{"start":{"line":76,"column":2},"end":{"line":76,"column":88}}},"15":{"name":"transactionConfirmCount","line":80,"loc":{"start":{"line":80,"column":2},"end":{"line":80,"column":85}}},"16":{"name":"transactionSuccess","line":84,"loc":{"start":{"line":84,"column":2},"end":{"line":84,"column":79}}},"17":{"name":"changeOwner","line":90,"loc":{"start":{"line":90,"column":2},"end":{"line":90,"column":88}}},"18":{"name":"addOwner","line":94,"loc":{"start":{"line":94,"column":2},"end":{"line":94,"column":76}}},"19":{"name":"removeOwner","line":98,"loc":{"start":{"line":98,"column":2},"end":{"line":98,"column":84}}},"20":{"name":"changeRequiredAdmin","line":102,"loc":{"start":{"line":102,"column":2},"end":{"line":102,"column":87}}},"21":{"name":"changeRequiredMajor","line":106,"loc":{"start":{"line":106,"column":2},"end":{"line":106,"column":87}}},"22":{"name":"changeRequiredMinor","line":110,"loc":{"start":{"line":110,"column":2},"end":{"line":110,"column":87}}},"23":{"name":"changeMajorThreshold","line":114,"loc":{"start":{"line":114,"column":2},"end":{"line":114,"column":105}}},"24":{"name":"serveTx","line":120,"loc":{"start":{"line":120,"column":2},"end":{"line":120,"column":97}}},"25":{"name":"confirmTx","line":124,"loc":{"start":{"line":124,"column":2},"end":{"line":124,"column":48}}},"26":{"name":"revokeConfirm","line":128,"loc":{"start":{"line":128,"column":2},"end":{"line":128,"column":52}}},"27":{"name":"checkNotConfirmed","line":132,"loc":{"start":{"line":132,"column":2},"end":{"line":132,"column":70}}}},"statementMap":{"1":{"start":{"line":17,"column":4},"end":{"line":17,"column":46}},"2":{"start":{"line":18,"column":4},"end":{"line":18,"column":58}},"3":{"start":{"line":19,"column":4},"end":{"line":19,"column":58}},"4":{"start":{"line":20,"column":4},"end":{"line":20,"column":58}},"5":{"start":{"line":21,"column":4},"end":{"line":21,"column":58}},"6":{"start":{"line":22,"column":4},"end":{"line":22,"column":58}},"7":{"start":{"line":27,"column":4},"end":{"line":27,"column":21}},"8":{"start":{"line":33,"column":4},"end":{"line":33,"column":29}},"9":{"start":{"line":37,"column":4},"end":{"line":37,"column":39}},"10":{"start":{"line":41,"column":4},"end":{"line":41,"column":32}},"11":{"start":{"line":45,"column":4},"end":{"line":45,"column":33}},"12":{"start":{"line":49,"column":4},"end":{"line":49,"column":36}},"13":{"start":{"line":53,"column":4},"end":{"line":53,"column":36}},"14":{"start":{"line":57,"column":4},"end":{"line":57,"column":36}},"15":{"start":{"line":61,"column":4},"end":{"line":61,"column":41}},"16":{"start":{"line":65,"column":4},"end":{"line":65,"column":43}},"17":{"start":{"line":69,"column":4},"end":{"line":69,"column":40}},"18":{"start":{"line":73,"column":4},"end":{"line":73,"column":43}},"19":{"start":{"line":77,"column":4},"end":{"line":77,"column":54}},"20":{"start":{"line":81,"column":4},"end":{"line":81,"column":58}},"21":{"start":{"line":85,"column":4},"end":{"line":85,"column":53}},"22":{"start":{"line":91,"column":4},"end":{"line":91,"column":61}},"23":{"start":{"line":95,"column":4},"end":{"line":95,"column":57}},"24":{"start":{"line":99,"column":4},"end":{"line":99,"column":65}},"25":{"start":{"line":103,"column":4},"end":{"line":103,"column":71}},"26":{"start":{"line":107,"column":4},"end":{"line":107,"column":71}},"27":{"start":{"line":111,"column":4},"end":{"line":111,"column":71}},"28":{"start":{"line":115,"column":4},"end":{"line":115,"column":81}},"29":{"start":{"line":121,"column":4},"end":{"line":121,"column":67}},"30":{"start":{"line":125,"column":4},"end":{"line":125,"column":32}},"31":{"start":{"line":129,"column":4},"end":{"line":129,"column":36}},"32":{"start":{"line":133,"column":4},"end":{"line":133,"column":49}}},"branchMap":{}},"contracts/WalletMainLib.sol":{"l":{"95":1,"96":1,"97":1,"98":1,"101":1,"102":5,"103":5,"104":5,"106":1,"107":1,"108":1,"112":1,"125":41,"126":41,"128":41,"129":1,"130":1,"131":1,"134":40,"135":0,"136":0,"137":0,"141":40,"142":40,"143":40,"144":40,"145":5,"146":5,"147":5,"150":35,"159":29,"167":4,"168":4,"172":4,"173":4,"174":4,"176":4,"177":4,"178":4,"179":2,"180":2,"181":2,"183":0,"184":0,"185":0,"187":4,"204":5,"205":5,"206":5,"208":5,"209":1,"210":1,"213":5,"214":5,"215":0,"216":0,"219":5,"220":2,"222":5,"223":2,"224":1,"225":1,"228":2,"229":2,"230":0,"231":0,"233":2,"234":1,"237":5,"244":1,"245":1,"247":1,"251":1,"252":1,"274":12,"275":12,"276":12,"279":12,"280":8,"281":8,"284":8,"285":0,"286":0,"289":8,"290":5,"293":5,"294":4,"296":5,"297":5,"298":0,"301":5,"302":5,"303":5,"304":5,"308":3,"309":3,"310":2,"315":6,"316":6,"320":4,"324":10,"328":5,"329":5,"330":5,"332":5,"334":1,"336":4,"338":5,"339":5,"341":5,"342":5,"344":5,"346":5,"349":10,"359":28,"360":28,"361":28,"363":28,"364":0,"365":0,"366":0,"369":28,"370":28,"371":28,"372":0,"374":28,"375":28,"377":28,"380":12,"381":12,"383":16,"386":16,"387":16,"390":28,"400":16,"401":16,"403":16,"404":0,"405":0,"406":0,"409":16,"410":16,"411":0,"412":0,"413":0,"417":16,"418":16,"419":16,"420":16,"421":8,"422":8,"423":8,"425":8,"426":8,"428":8,"431":8,"432":5,"434":8,"435":8},"path":"/Users/paulopires/Code/Majoolr/ethereum-libraries/WalletLib/truffle/contracts/WalletMainLib.sol","s":{"1":1,"2":1,"3":1,"4":1,"5":1,"6":5,"7":5,"8":1,"9":1,"10":1,"11":1,"12":1,"13":1,"14":41,"15":41,"16":41,"17":1,"18":1,"19":1,"20":40,"21":0,"22":0,"23":0,"24":40,"25":40,"26":5,"27":5,"28":5,"29":35,"30":29,"31":4,"32":4,"33":4,"34":4,"35":4,"36":2,"37":2,"38":2,"39":0,"40":0,"41":4,"42":5,"43":5,"44":1,"45":1,"46":5,"47":5,"48":0,"49":0,"50":5,"51":2,"52":5,"53":2,"54":1,"55":1,"56":2,"57":2,"58":0,"59":0,"60":2,"61":1,"62":5,"63":1,"64":1,"65":12,"66":12,"67":12,"68":12,"69":8,"70":0,"71":0,"72":8,"73":5,"74":5,"75":4,"76":5,"77":5,"78":0,"79":5,"80":5,"81":3,"82":3,"83":2,"84":10,"85":5,"86":5,"87":5,"88":5,"89":1,"90":4,"91":5,"92":5,"93":5,"94":5,"95":5,"96":10,"97":28,"98":28,"99":28,"100":0,"101":0,"102":0,"103":28,"104":28,"105":0,"106":28,"107":12,"108":12,"109":16,"110":16,"111":16,"112":28,"113":16,"114":16,"115":16,"116":0,"117":0,"118":0,"119":16,"120":0,"121":0,"122":0,"123":16,"124":16,"125":8,"126":8,"127":8,"128":8,"129":8,"130":8,"131":8,"132":8},"b":{"1":[1,0],"2":[1,0],"3":[1,0],"4":[1,0],"5":[5,0],"6":[41,0],"7":[1,40],"8":[0,40],"9":[5,35],"10":[2,2],"11":[0,2],"12":[1,4],"13":[0,5],"14":[2,3],"15":[2,3],"16":[1,1],"17":[0,2],"18":[1,1],"19":[1,0],"20":[8,4],"21":[0,8],"22":[5,3],"23":[5,0],"24":[4,1],"25":[0,5],"26":[2,1],"27":[5,5],"28":[1,4],"29":[4,0],"30":[5,0],"31":[28,0],"32":[0,28],"33":[0,28],"34":[12,16],"35":[12,0],"36":[16,0],"37":[0,16],"38":[0,16],"39":[8,8],"40":[5,3]},"f":{"1":1,"2":41,"3":29,"4":4,"5":5,"6":1,"7":12,"8":28,"9":16},"fnMap":{"1":{"name":"init","line":88,"loc":{"start":{"line":88,"column":2},"end":{"line":94,"column":3}}},"2":{"name":"checkNotConfirmed","line":122,"loc":{"start":{"line":122,"column":2},"end":{"line":124,"column":3}}},"3":{"name":"calcConfirmsNeeded","line":158,"loc":{"start":{"line":158,"column":2},"end":{"line":158,"column":81}}},"4":{"name":"getAmount","line":166,"loc":{"start":{"line":166,"column":2},"end":{"line":166,"column":64}}},"5":{"name":"getRequired","line":197,"loc":{"start":{"line":197,"column":2},"end":{"line":203,"column":3}}},"6":{"name":"createContract","line":243,"loc":{"start":{"line":243,"column":2},"end":{"line":243,"column":53}}},"7":{"name":"serveTx","line":266,"loc":{"start":{"line":266,"column":2},"end":{"line":273,"column":3}}},"8":{"name":"confirmTx","line":358,"loc":{"start":{"line":358,"column":2},"end":{"line":358,"column":72}}},"9":{"name":"revokeConfirm","line":397,"loc":{"start":{"line":397,"column":2},"end":{"line":399,"column":3}}}},"statementMap":{"1":{"start":{"line":95,"column":4},"end":{"line":95,"column":35}},"2":{"start":{"line":96,"column":4},"end":{"line":96,"column":66}},"3":{"start":{"line":97,"column":4},"end":{"line":97,"column":66}},"4":{"start":{"line":98,"column":4},"end":{"line":98,"column":66}},"5":{"start":{"line":101,"column":4},"end":{"line":101,"column":4633}},"6":{"start":{"line":102,"column":6},"end":{"line":102,"column":29}},"7":{"start":{"line":104,"column":6},"end":{"line":104,"column":38}},"8":{"start":{"line":106,"column":4},"end":{"line":106,"column":38}},"9":{"start":{"line":107,"column":4},"end":{"line":107,"column":38}},"10":{"start":{"line":108,"column":4},"end":{"line":108,"column":38}},"11":{"start":{"line":109,"column":4},"end":{"line":109,"column":22}},"12":{"start":{"line":110,"column":4},"end":{"line":110,"column":43}},"13":{"start":{"line":112,"column":4},"end":{"line":112,"column":15}},"14":{"start":{"line":125,"column":4},"end":{"line":125,"column":43}},"15":{"start":{"line":126,"column":4},"end":{"line":126,"column":49}},"16":{"start":{"line":128,"column":4},"end":{"line":128,"column":5603}},"17":{"start":{"line":129,"column":6},"end":{"line":129,"column":34}},"18":{"start":{"line":130,"column":6},"end":{"line":130,"column":42}},"19":{"start":{"line":131,"column":6},"end":{"line":131,"column":18}},"20":{"start":{"line":134,"column":4},"end":{"line":134,"column":5754}},"21":{"start":{"line":135,"column":6},"end":{"line":135,"column":46}},"22":{"start":{"line":136,"column":6},"end":{"line":136,"column":42}},"23":{"start":{"line":137,"column":6},"end":{"line":137,"column":18}},"24":{"start":{"line":143,"column":4},"end":{"line":143,"column":103}},"25":{"start":{"line":144,"column":4},"end":{"line":144,"column":6118}},"26":{"start":{"line":145,"column":6},"end":{"line":145,"column":41}},"27":{"start":{"line":146,"column":6},"end":{"line":146,"column":42}},"28":{"start":{"line":147,"column":6},"end":{"line":147,"column":18}},"29":{"start":{"line":150,"column":4},"end":{"line":150,"column":15}},"30":{"start":{"line":159,"column":4},"end":{"line":159,"column":29}},"31":{"start":{"line":169,"column":4},"end":{"line":169,"column":27}},"32":{"start":{"line":170,"column":4},"end":{"line":170,"column":27}},"33":{"start":{"line":171,"column":4},"end":{"line":171,"column":28}},"34":{"start":{"line":177,"column":4},"end":{"line":177,"column":23}},"35":{"start":{"line":178,"column":4},"end":{"line":178,"column":7230}},"36":{"start":{"line":179,"column":6},"end":{"line":179,"column":20}},"37":{"start":{"line":181,"column":6},"end":{"line":181,"column":32}},"38":{"start":{"line":182,"column":11},"end":{"line":182,"column":7391}},"39":{"start":{"line":183,"column":6},"end":{"line":183,"column":20}},"40":{"start":{"line":185,"column":6},"end":{"line":185,"column":32}},"41":{"start":{"line":187,"column":4},"end":{"line":187,"column":29}},"42":{"start":{"line":206,"column":4},"end":{"line":206,"column":20}},"43":{"start":{"line":208,"column":4},"end":{"line":208,"column":8302}},"44":{"start":{"line":209,"column":6},"end":{"line":209,"column":43}},"45":{"start":{"line":210,"column":6},"end":{"line":210,"column":32}},"46":{"start":{"line":213,"column":4},"end":{"line":213,"column":52}},"47":{"start":{"line":214,"column":4},"end":{"line":214,"column":8494}},"48":{"start":{"line":215,"column":6},"end":{"line":215,"column":36}},"49":{"start":{"line":216,"column":6},"end":{"line":216,"column":14}},"50":{"start":{"line":219,"column":4},"end":{"line":219,"column":8584}},"51":{"start":{"line":220,"column":6},"end":{"line":220,"column":18}},"52":{"start":{"line":222,"column":4},"end":{"line":222,"column":8628}},"53":{"start":{"line":223,"column":6},"end":{"line":223,"column":8665}},"54":{"start":{"line":224,"column":8},"end":{"line":224,"column":47}},"55":{"start":{"line":225,"column":8},"end":{"line":225,"column":36}},"56":{"start":{"line":228,"column":6},"end":{"line":228,"column":57}},"57":{"start":{"line":229,"column":6},"end":{"line":229,"column":8877}},"58":{"start":{"line":230,"column":8},"end":{"line":230,"column":40}},"59":{"start":{"line":231,"column":8},"end":{"line":231,"column":16}},"60":{"start":{"line":233,"column":6},"end":{"line":233,"column":8975}},"61":{"start":{"line":234,"column":8},"end":{"line":234,"column":19}},"62":{"start":{"line":237,"column":4},"end":{"line":237,"column":58}},"63":{"start":{"line":251,"column":4},"end":{"line":251,"column":19}},"64":{"start":{"line":252,"column":4},"end":{"line":252,"column":43}},"65":{"start":{"line":274,"column":4},"end":{"line":274,"column":51}},"66":{"start":{"line":275,"column":4},"end":{"line":275,"column":50}},"67":{"start":{"line":276,"column":4},"end":{"line":276,"column":38}},"68":{"start":{"line":279,"column":4},"end":{"line":279,"column":10552}},"69":{"start":{"line":284,"column":6},"end":{"line":284,"column":10747}},"70":{"start":{"line":285,"column":8},"end":{"line":285,"column":41}},"71":{"start":{"line":286,"column":8},"end":{"line":286,"column":28}},"72":{"start":{"line":289,"column":8},"end":{"line":289,"column":11000}},"73":{"start":{"line":290,"column":10},"end":{"line":290,"column":49}},"74":{"start":{"line":293,"column":10},"end":{"line":293,"column":11218}},"75":{"start":{"line":294,"column":12},"end":{"line":294,"column":49}},"76":{"start":{"line":296,"column":10},"end":{"line":296,"column":68}},"77":{"start":{"line":297,"column":10},"end":{"line":297,"column":11346}},"78":{"start":{"line":298,"column":12},"end":{"line":298,"column":31}},"79":{"start":{"line":302,"column":10},"end":{"line":302,"column":71}},"80":{"start":{"line":303,"column":10},"end":{"line":303,"column":62}},"81":{"start":{"line":308,"column":10},"end":{"line":308,"column":56}},"82":{"start":{"line":309,"column":10},"end":{"line":309,"column":11985}},"83":{"start":{"line":310,"column":12},"end":{"line":310,"column":30}},"84":{"start":{"line":324,"column":4},"end":{"line":324,"column":12436}},"85":{"start":{"line":328,"column":6},"end":{"line":328,"column":38}},"86":{"start":{"line":329,"column":6},"end":{"line":329,"column":41}},"87":{"start":{"line":330,"column":6},"end":{"line":330,"column":54}},"88":{"start":{"line":332,"column":6},"end":{"line":332,"column":12739}},"89":{"start":{"line":334,"column":8},"end":{"line":334,"column":38}},"90":{"start":{"line":336,"column":8},"end":{"line":336,"column":47}},"91":{"start":{"line":339,"column":6},"end":{"line":339,"column":52}},"92":{"start":{"line":341,"column":6},"end":{"line":341,"column":13090}},"93":{"start":{"line":342,"column":8},"end":{"line":342,"column":54}},"94":{"start":{"line":344,"column":6},"end":{"line":344,"column":13249}},"95":{"start":{"line":346,"column":6},"end":{"line":346,"column":61}},"96":{"start":{"line":349,"column":4},"end":{"line":349,"column":21}},"97":{"start":{"line":359,"column":4},"end":{"line":359,"column":43}},"98":{"start":{"line":360,"column":4},"end":{"line":360,"column":50}},"99":{"start":{"line":363,"column":4},"end":{"line":363,"column":13904}},"100":{"start":{"line":364,"column":6},"end":{"line":364,"column":34}},"101":{"start":{"line":365,"column":6},"end":{"line":365,"column":42}},"102":{"start":{"line":366,"column":6},"end":{"line":366,"column":18}},"103":{"start":{"line":370,"column":4},"end":{"line":370,"column":55}},"104":{"start":{"line":371,"column":4},"end":{"line":371,"column":14122}},"105":{"start":{"line":372,"column":6},"end":{"line":372,"column":18}},"106":{"start":{"line":377,"column":4},"end":{"line":377,"column":14284}},"107":{"start":{"line":380,"column":6},"end":{"line":380,"column":30}},"108":{"start":{"line":381,"column":6},"end":{"line":381,"column":61}},"109":{"start":{"line":383,"column":6},"end":{"line":383,"column":14609}},"110":{"start":{"line":386,"column":6},"end":{"line":386,"column":61}},"111":{"start":{"line":387,"column":6},"end":{"line":387,"column":15}},"112":{"start":{"line":390,"column":4},"end":{"line":390,"column":14}},"113":{"start":{"line":400,"column":4},"end":{"line":400,"column":43}},"114":{"start":{"line":401,"column":4},"end":{"line":401,"column":50}},"115":{"start":{"line":403,"column":4},"end":{"line":403,"column":15228}},"116":{"start":{"line":404,"column":6},"end":{"line":404,"column":34}},"117":{"start":{"line":405,"column":6},"end":{"line":405,"column":42}},"118":{"start":{"line":406,"column":6},"end":{"line":406,"column":18}},"119":{"start":{"line":410,"column":4},"end":{"line":410,"column":15374}},"120":{"start":{"line":411,"column":6},"end":{"line":411,"column":46}},"121":{"start":{"line":412,"column":6},"end":{"line":412,"column":42}},"122":{"start":{"line":413,"column":6},"end":{"line":413,"column":18}},"123":{"start":{"line":419,"column":4},"end":{"line":419,"column":103}},"124":{"start":{"line":420,"column":4},"end":{"line":420,"column":15738}},"125":{"start":{"line":421,"column":6},"end":{"line":421,"column":44}},"126":{"start":{"line":422,"column":6},"end":{"line":422,"column":42}},"127":{"start":{"line":423,"column":6},"end":{"line":423,"column":18}},"128":{"start":{"line":425,"column":4},"end":{"line":425,"column":64}},"129":{"start":{"line":428,"column":4},"end":{"line":428,"column":16083}},"130":{"start":{"line":431,"column":4},"end":{"line":431,"column":16311}},"131":{"start":{"line":434,"column":4},"end":{"line":434,"column":51}},"132":{"start":{"line":435,"column":4},"end":{"line":435,"column":15}}},"branchMap":{"1":{"line":95,"type":"if","locations":[{"start":{"line":95,"column":4},"end":{"line":95,"column":4}},{"start":{"line":95,"column":4},"end":{"line":95,"column":4}}]},"2":{"line":96,"type":"if","locations":[{"start":{"line":96,"column":4},"end":{"line":96,"column":4}},{"start":{"line":96,"column":4},"end":{"line":96,"column":4}}]},"3":{"line":97,"type":"if","locations":[{"start":{"line":97,"column":4},"end":{"line":97,"column":4}},{"start":{"line":97,"column":4},"end":{"line":97,"column":4}}]},"4":{"line":98,"type":"if","locations":[{"start":{"line":98,"column":4},"end":{"line":98,"column":4}},{"start":{"line":98,"column":4},"end":{"line":98,"column":4}}]},"5":{"line":102,"type":"if","locations":[{"start":{"line":102,"column":6},"end":{"line":102,"column":6}},{"start":{"line":102,"column":6},"end":{"line":102,"column":6}}]},"6":{"line":125,"type":"if","locations":[{"start":{"line":125,"column":4},"end":{"line":125,"column":4}},{"start":{"line":125,"column":4},"end":{"line":125,"column":4}}]},"7":{"line":128,"type":"if","locations":[{"start":{"line":128,"column":4},"end":{"line":128,"column":4}},{"start":{"line":128,"column":4},"end":{"line":128,"column":4}}]},"8":{"line":134,"type":"if","locations":[{"start":{"line":134,"column":4},"end":{"line":134,"column":4}},{"start":{"line":134,"column":4},"end":{"line":134,"column":4}}]},"9":{"line":144,"type":"if","locations":[{"start":{"line":144,"column":4},"end":{"line":144,"column":4}},{"start":{"line":144,"column":4},"end":{"line":144,"column":4}}]},"10":{"line":178,"type":"if","locations":[{"start":{"line":178,"column":4},"end":{"line":178,"column":4}},{"start":{"line":178,"column":4},"end":{"line":178,"column":4}}]},"11":{"line":182,"type":"if","locations":[{"start":{"line":182,"column":11},"end":{"line":182,"column":11}},{"start":{"line":182,"column":11},"end":{"line":182,"column":11}}]},"12":{"line":208,"type":"if","locations":[{"start":{"line":208,"column":4},"end":{"line":208,"column":4}},{"start":{"line":208,"column":4},"end":{"line":208,"column":4}}]},"13":{"line":214,"type":"if","locations":[{"start":{"line":214,"column":4},"end":{"line":214,"column":4}},{"start":{"line":214,"column":4},"end":{"line":214,"column":4}}]},"14":{"line":219,"type":"if","locations":[{"start":{"line":219,"column":4},"end":{"line":219,"column":4}},{"start":{"line":219,"column":4},"end":{"line":219,"column":4}}]},"15":{"line":222,"type":"if","locations":[{"start":{"line":222,"column":4},"end":{"line":222,"column":4}},{"start":{"line":222,"column":4},"end":{"line":222,"column":4}}]},"16":{"line":223,"type":"if","locations":[{"start":{"line":223,"column":6},"end":{"line":223,"column":6}},{"start":{"line":223,"column":6},"end":{"line":223,"column":6}}]},"17":{"line":229,"type":"if","locations":[{"start":{"line":229,"column":6},"end":{"line":229,"column":6}},{"start":{"line":229,"column":6},"end":{"line":229,"column":6}}]},"18":{"line":233,"type":"if","locations":[{"start":{"line":233,"column":6},"end":{"line":233,"column":6}},{"start":{"line":233,"column":6},"end":{"line":233,"column":6}}]},"19":{"line":251,"type":"if","locations":[{"start":{"line":251,"column":4},"end":{"line":251,"column":4}},{"start":{"line":251,"column":4},"end":{"line":251,"column":4}}]},"20":{"line":279,"type":"if","locations":[{"start":{"line":279,"column":4},"end":{"line":279,"column":4}},{"start":{"line":279,"column":4},"end":{"line":279,"column":4}}]},"21":{"line":284,"type":"if","locations":[{"start":{"line":284,"column":6},"end":{"line":284,"column":6}},{"start":{"line":284,"column":6},"end":{"line":284,"column":6}}]},"22":{"line":289,"type":"if","locations":[{"start":{"line":289,"column":8},"end":{"line":289,"column":8}},{"start":{"line":289,"column":8},"end":{"line":289,"column":8}}]},"23":{"line":290,"type":"if","locations":[{"start":{"line":290,"column":10},"end":{"line":290,"column":10}},{"start":{"line":290,"column":10},"end":{"line":290,"column":10}}]},"24":{"line":293,"type":"if","locations":[{"start":{"line":293,"column":10},"end":{"line":293,"column":10}},{"start":{"line":293,"column":10},"end":{"line":293,"column":10}}]},"25":{"line":297,"type":"if","locations":[{"start":{"line":297,"column":10},"end":{"line":297,"column":10}},{"start":{"line":297,"column":10},"end":{"line":297,"column":10}}]},"26":{"line":309,"type":"if","locations":[{"start":{"line":309,"column":10},"end":{"line":309,"column":10}},{"start":{"line":309,"column":10},"end":{"line":309,"column":10}}]},"27":{"line":324,"type":"if","locations":[{"start":{"line":324,"column":4},"end":{"line":324,"column":4}},{"start":{"line":324,"column":4},"end":{"line":324,"column":4}}]},"28":{"line":332,"type":"if","locations":[{"start":{"line":332,"column":6},"end":{"line":332,"column":6}},{"start":{"line":332,"column":6},"end":{"line":332,"column":6}}]},"29":{"line":336,"type":"if","locations":[{"start":{"line":336,"column":8},"end":{"line":336,"column":8}},{"start":{"line":336,"column":8},"end":{"line":336,"column":8}}]},"30":{"line":341,"type":"if","locations":[{"start":{"line":341,"column":6},"end":{"line":341,"column":6}},{"start":{"line":341,"column":6},"end":{"line":341,"column":6}}]},"31":{"line":359,"type":"if","locations":[{"start":{"line":359,"column":4},"end":{"line":359,"column":4}},{"start":{"line":359,"column":4},"end":{"line":359,"column":4}}]},"32":{"line":363,"type":"if","locations":[{"start":{"line":363,"column":4},"end":{"line":363,"column":4}},{"start":{"line":363,"column":4},"end":{"line":363,"column":4}}]},"33":{"line":371,"type":"if","locations":[{"start":{"line":371,"column":4},"end":{"line":371,"column":4}},{"start":{"line":371,"column":4},"end":{"line":371,"column":4}}]},"34":{"line":377,"type":"if","locations":[{"start":{"line":377,"column":4},"end":{"line":377,"column":4}},{"start":{"line":377,"column":4},"end":{"line":377,"column":4}}]},"35":{"line":381,"type":"if","locations":[{"start":{"line":381,"column":6},"end":{"line":381,"column":6}},{"start":{"line":381,"column":6},"end":{"line":381,"column":6}}]},"36":{"line":400,"type":"if","locations":[{"start":{"line":400,"column":4},"end":{"line":400,"column":4}},{"start":{"line":400,"column":4},"end":{"line":400,"column":4}}]},"37":{"line":403,"type":"if","locations":[{"start":{"line":403,"column":4},"end":{"line":403,"column":4}},{"start":{"line":403,"column":4},"end":{"line":403,"column":4}}]},"38":{"line":410,"type":"if","locations":[{"start":{"line":410,"column":4},"end":{"line":410,"column":4}},{"start":{"line":410,"column":4},"end":{"line":410,"column":4}}]},"39":{"line":420,"type":"if","locations":[{"start":{"line":420,"column":4},"end":{"line":420,"column":4}},{"start":{"line":420,"column":4},"end":{"line":420,"column":4}}]},"40":{"line":431,"type":"if","locations":[{"start":{"line":431,"column":4},"end":{"line":431,"column":4}},{"start":{"line":431,"column":4},"end":{"line":431,"column":4}}]}}}}