TN:
SF:/Users/paulopires/Code/Majoolr/ethereum-libraries/WalletLib/truffle/contracts/Array256Lib.sol
FN:34,sumElements
FN:47,getMax
FN:64,getMin
FN:84,indexOf
FN:129,getParentI
FN:137,getLeftChildI
FN:144,heapSort
FNF:7
FNH:1
FNDA:0,sumElements
FNDA:0,getMax
FNDA:0,getMin
FNDA:56,indexOf
FNDA:0,getParentI
FNDA:0,getLeftChildI
FNDA:0,heapSort
DA:35,0
DA:48,0
DA:65,0
DA:86,56
DA:130,0
DA:131,0
DA:138,0
DA:139,0
DA:145,0
DA:146,0
DA:147,0
DA:148,0
DA:149,0
DA:150,0
DA:151,0
DA:152,0
DA:153,0
DA:154,0
DA:155,0
DA:156,0
DA:157,0
DA:158,0
DA:159,0
DA:160,0
DA:161,0
DA:162,0
DA:163,0
DA:165,0
DA:166,0
DA:167,0
DA:168,0
DA:169,0
DA:172,0
DA:173,0
DA:175,0
DA:177,0
DA:178,0
DA:179,0
DA:180,0
DA:181,0
DA:182,0
DA:183,0
DA:184,0
DA:185,0
DA:186,0
DA:187,0
DA:188,0
DA:189,0
DA:190,0
DA:191,0
DA:192,0
DA:194,0
DA:195,0
DA:196,0
DA:197,0
DA:198,0
LF:56
LH:1
BRDA:158,1,0,0
BRDA:158,1,1,0
BRDA:160,2,0,0
BRDA:160,2,1,0
BRDA:162,3,0,0
BRDA:162,3,1,0
BRDA:172,4,0,0
BRDA:172,4,1,0
BRDA:187,5,0,0
BRDA:187,5,1,0
BRDA:189,6,0,0
BRDA:189,6,1,0
BRDA:191,7,0,0
BRDA:191,7,1,0
BRF:14
BRH:0
end_of_record
TN:
SF:/Users/paulopires/Code/Majoolr/ethereum-libraries/WalletLib/truffle/contracts/BasicMathLib.sol
FN:39,times
FN:58,dividedBy
FN:77,plus
FN:96,minus
FNF:4
FNH:2
FNDA:0,times
FNDA:0,dividedBy
FNDA:7,plus
FNDA:3,minus
DA:40,0
DA:48,0
DA:49,0
DA:59,0
DA:67,0
DA:68,0
DA:78,7
DA:86,7
DA:87,0
DA:97,3
DA:105,3
DA:106,0
LF:12
LH:4
BRDA:48,1,0,0
BRDA:48,1,1,0
BRDA:86,2,0,0
BRDA:86,2,1,7
BRDA:105,3,0,0
BRDA:105,3,1,3
BRF:6
BRH:2
end_of_record
TN:
SF:/Users/paulopires/Code/Majoolr/ethereum-libraries/WalletLib/truffle/contracts/ERC20Lib.sol
FN:55,init
FN:66,transfer
FN:88,transferFrom
FN:121,balanceOf
FN:130,approve
FN:141,allowance
FNF:6
FNH:3
FNDA:1,init
FNDA:3,transfer
FNDA:0,transferFrom
FNDA:2,balanceOf
FNDA:0,approve
FNDA:0,allowance
DA:56,1
DA:57,1
DA:58,1
DA:67,3
DA:68,3
DA:70,3
DA:71,3
DA:72,0
DA:73,0
DA:75,3
DA:77,3
DA:78,3
DA:79,3
DA:93,0
DA:94,0
DA:95,0
DA:96,0
DA:98,0
DA:99,0
DA:100,0
DA:101,0
DA:104,0
DA:105,0
DA:106,0
DA:107,0
DA:109,0
DA:110,0
DA:111,0
DA:113,0
DA:114,0
DA:122,2
DA:131,0
DA:132,0
DA:133,0
DA:142,0
LF:35
LH:12
BRDA:56,1,0,1
BRDA:56,1,1,0
BRDA:71,2,0,0
BRDA:71,2,1,3
BRDA:99,3,0,0
BRDA:99,3,1,0
BRDA:105,4,0,0
BRDA:105,4,1,0
BRF:8
BRH:2
end_of_record
TN:
SF:/Users/paulopires/Code/Majoolr/ethereum-libraries/WalletLib/truffle/contracts/TestToken.sol
FN:12,TestToken
FN:16,totalSupply
FN:20,balanceOf
FN:24,allowance
FN:28,transfer
FN:32,transferFrom
FN:36,approve
FNF:7
FNH:3
FNDA:1,TestToken
FNDA:0,totalSupply
FNDA:2,balanceOf
FNDA:0,allowance
FNDA:3,transfer
FNDA:0,transferFrom
FNDA:0,approve
DA:13,1
DA:17,0
DA:21,2
DA:25,0
DA:29,3
DA:33,0
DA:37,0
LF:7
LH:3
BRF:0
BRH:0
end_of_record
TN:
SF:/Users/paulopires/Code/Majoolr/ethereum-libraries/WalletLib/truffle/contracts/WalletAdminLib.sol
FN:51,checkChangeOwnerArgs
FN:67,checkNewOwnerArgs
FN:86,checkRemoveOwnerArgs
FN:104,checkRequiredChange
FN:123,calcConfirmsNeeded
FN:137,changeOwner
FN:206,addOwner
FN:276,removeOwner
FN:346,changeRequiredAdmin
FN:412,changeRequiredMajor
FN:478,changeRequiredMinor
FN:545,changeMajorThreshold
FNF:12
FNH:12
FNDA:1,checkChangeOwnerArgs
FNDA:3,checkNewOwnerArgs
FNDA:2,checkRemoveOwnerArgs
FNDA:11,checkRequiredChange
FNDA:19,calcConfirmsNeeded
FNDA:6,changeOwner
FNDA:5,addOwner
FNDA:5,removeOwner
FNDA:8,changeRequiredAdmin
FNDA:5,changeRequiredMajor
FNDA:5,changeRequiredMinor
FNDA:6,changeMajorThreshold
DA:52,1
DA:53,0
DA:54,0
DA:56,1
DA:57,0
DA:58,0
DA:60,1
DA:70,3
DA:71,1
DA:72,1
DA:74,2
DA:75,0
DA:76,0
DA:78,2
DA:89,2
DA:90,0
DA:91,0
DA:93,2
DA:94,0
DA:95,0
DA:97,2
DA:107,11
DA:108,1
DA:109,1
DA:111,10
DA:112,3
DA:113,3
DA:115,7
DA:124,19
DA:144,6
DA:145,6
DA:146,6
DA:148,6
DA:149,5
DA:150,0
DA:151,0
DA:153,5
DA:154,1
DA:155,1
DA:156,1
DA:157,0
DA:159,1
DA:160,1
DA:161,1
DA:162,1
DA:164,4
DA:165,4
DA:166,4
DA:167,1
DA:170,4
DA:171,4
DA:173,1
DA:176,5
DA:179,1
DA:180,1
DA:181,1
DA:182,1
DA:183,1
DA:184,1
DA:185,1
DA:187,4
DA:188,1
DA:190,4
DA:193,4
DA:196,5
DA:212,5
DA:213,5
DA:214,5
DA:216,5
DA:217,4
DA:219,4
DA:220,1
DA:221,1
DA:223,3
DA:224,3
DA:225,3
DA:228,3
DA:229,1
DA:231,2
DA:232,2
DA:233,2
DA:234,2
DA:236,0
DA:237,0
DA:238,0
DA:239,0
DA:243,2
DA:244,2
DA:246,1
DA:249,3
DA:252,1
DA:253,1
DA:254,1
DA:255,1
DA:256,1
DA:258,2
DA:259,2
DA:261,2
DA:263,2
DA:266,3
DA:282,5
DA:283,5
DA:284,5
DA:286,5
DA:287,4
DA:288,1
DA:289,1
DA:291,3
DA:292,2
DA:293,2
DA:296,2
DA:297,0
DA:299,2
DA:300,2
DA:301,2
DA:302,2
DA:304,1
DA:305,1
DA:306,1
DA:307,0
DA:311,3
DA:312,3
DA:314,1
DA:317,4
DA:320,1
DA:321,1
DA:322,1
DA:323,1
DA:324,1
DA:325,1
DA:326,1
DA:328,3
DA:329,2
DA:331,3
DA:333,3
DA:336,4
DA:352,8
DA:353,8
DA:355,8
DA:356,7
DA:358,7
DA:359,1
DA:360,1
DA:362,6
DA:363,5
DA:364,5
DA:365,5
DA:366,2
DA:368,3
DA:369,3
DA:370,3
DA:371,3
DA:373,1
DA:374,1
DA:375,1
DA:376,0
DA:380,4
DA:381,4
DA:383,1
DA:386,5
DA:389,2
DA:390,2
DA:391,2
DA:392,2
DA:394,3
DA:395,3
DA:397,3
DA:399,3
DA:402,5
DA:418,5
DA:419,5
DA:421,5
DA:422,4
DA:424,4
DA:425,1
DA:426,1
DA:428,3
DA:429,3
DA:430,3
DA:431,3
DA:432,1
DA:434,2
DA:435,2
DA:436,2
DA:437,2
DA:439,0
DA:440,0
DA:441,0
DA:442,0
DA:446,2
DA:447,2
DA:449,1
DA:452,3
DA:455,1
DA:456,1
DA:457,1
DA:458,1
DA:460,2
DA:461,2
DA:463,2
DA:465,2
DA:468,3
DA:484,5
DA:485,5
DA:487,5
DA:488,4
DA:490,4
DA:491,1
DA:492,1
DA:494,3
DA:495,3
DA:496,3
DA:497,3
DA:498,1
DA:500,2
DA:501,2
DA:502,2
DA:503,2
DA:505,0
DA:506,0
DA:507,0
DA:508,0
DA:512,2
DA:513,2
DA:515,1
DA:518,3
DA:521,1
DA:522,1
DA:523,1
DA:524,1
DA:526,2
DA:527,2
DA:529,2
DA:531,2
DA:534,3
DA:552,6
DA:553,6
DA:555,6
DA:556,4
DA:558,4
DA:559,0
DA:560,0
DA:562,4
DA:563,2
DA:565,2
DA:566,2
DA:567,2
DA:568,2
DA:570,2
DA:571,2
DA:572,2
DA:573,1
DA:577,3
DA:578,3
DA:580,2
DA:583,5
DA:586,2
DA:587,2
DA:588,2
DA:589,2
DA:591,3
DA:592,2
DA:594,3
DA:596,3
DA:599,5
LF:265
LH:235
BRDA:52,1,0,0
BRDA:52,1,1,1
BRDA:56,2,0,0
BRDA:56,2,1,1
BRDA:70,3,0,1
BRDA:70,3,1,2
BRDA:74,4,0,0
BRDA:74,4,1,2
BRDA:89,5,0,0
BRDA:89,5,1,2
BRDA:93,6,0,0
BRDA:93,6,1,2
BRDA:107,7,0,1
BRDA:107,7,1,10
BRDA:111,8,0,3
BRDA:111,8,1,7
BRDA:148,9,0,5
BRDA:148,9,1,1
BRDA:149,10,0,0
BRDA:149,10,1,5
BRDA:153,11,0,1
BRDA:153,11,1,4
BRDA:154,12,0,1
BRDA:154,12,1,0
BRDA:156,13,0,0
BRDA:156,13,1,1
BRDA:166,14,0,1
BRDA:166,14,1,3
BRDA:176,15,0,1
BRDA:176,15,1,4
BRDA:187,16,0,1
BRDA:187,16,1,3
BRDA:216,17,0,4
BRDA:216,17,1,1
BRDA:217,18,0,4
BRDA:217,18,1,0
BRDA:219,19,0,1
BRDA:219,19,1,3
BRDA:223,20,0,3
BRDA:223,20,1,0
BRDA:224,21,0,3
BRDA:224,21,1,0
BRDA:228,22,0,1
BRDA:228,22,1,2
BRDA:238,23,0,0
BRDA:238,23,1,0
BRDA:249,24,0,1
BRDA:249,24,1,2
BRDA:258,25,0,2
BRDA:258,25,1,0
BRDA:286,26,0,4
BRDA:286,26,1,1
BRDA:287,27,0,1
BRDA:287,27,1,3
BRDA:291,28,0,2
BRDA:291,28,1,1
BRDA:292,29,0,2
BRDA:292,29,1,0
BRDA:296,30,0,0
BRDA:296,30,1,2
BRDA:306,31,0,0
BRDA:306,31,1,1
BRDA:317,32,0,1
BRDA:317,32,1,3
BRDA:328,33,0,2
BRDA:328,33,1,1
BRDA:355,34,0,7
BRDA:355,34,1,1
BRDA:358,35,0,1
BRDA:358,35,1,6
BRDA:362,36,0,5
BRDA:362,36,1,1
BRDA:363,37,0,5
BRDA:363,37,1,0
BRDA:365,38,0,2
BRDA:365,38,1,3
BRDA:375,39,0,0
BRDA:375,39,1,1
BRDA:386,40,0,2
BRDA:386,40,1,3
BRDA:394,41,0,3
BRDA:394,41,1,0
BRDA:421,42,0,4
BRDA:421,42,1,1
BRDA:424,43,0,1
BRDA:424,43,1,3
BRDA:428,44,0,3
BRDA:428,44,1,0
BRDA:429,45,0,3
BRDA:429,45,1,0
BRDA:431,46,0,1
BRDA:431,46,1,2
BRDA:441,47,0,0
BRDA:441,47,1,0
BRDA:452,48,0,1
BRDA:452,48,1,2
BRDA:460,49,0,2
BRDA:460,49,1,0
BRDA:487,50,0,4
BRDA:487,50,1,1
BRDA:490,51,0,1
BRDA:490,51,1,3
BRDA:494,52,0,3
BRDA:494,52,1,0
BRDA:495,53,0,3
BRDA:495,53,1,0
BRDA:497,54,0,1
BRDA:497,54,1,2
BRDA:507,55,0,0
BRDA:507,55,1,0
BRDA:518,56,0,1
BRDA:518,56,1,2
BRDA:526,57,0,2
BRDA:526,57,1,0
BRDA:555,58,0,4
BRDA:555,58,1,2
BRDA:558,59,0,0
BRDA:558,59,1,4
BRDA:562,60,0,2
BRDA:562,60,1,2
BRDA:563,61,0,2
BRDA:563,61,1,0
BRDA:572,62,0,1
BRDA:572,62,1,1
BRDA:583,63,0,2
BRDA:583,63,1,3
BRDA:591,64,0,2
BRDA:591,64,1,1
BRF:128
BRH:96
end_of_record
TN:
SF:/Users/paulopires/Code/Majoolr/ethereum-libraries/WalletLib/truffle/contracts/WalletGetterLib.sol
FN:40,getOwners
FN:52,getOwnerIndex
FN:59,getMaxOwners
FN:66,getOwnerCount
FN:73,getRequiredAdmin
FN:80,getRequiredMinor
FN:87,getRequiredMajor
FN:95,getCurrentSpend
FN:106,getMajorThreshold
FN:114,getTransactions
FN:127,getTransactionLength
FN:136,getTransactionConfirms
FN:153,getTransactionConfirmCount
FN:166,getTransactionSuccess
FNF:14
FNH:10
FNDA:2,getOwners
FNDA:6,getOwnerIndex
FNDA:1,getMaxOwners
FNDA:1,getOwnerCount
FNDA:3,getRequiredAdmin
FNDA:2,getRequiredMinor
FNDA:2,getRequiredMajor
FNDA:0,getCurrentSpend
FNDA:3,getMajorThreshold
FNDA:0,getTransactions
FNDA:20,getTransactionLength
FNDA:0,getTransactionConfirms
FNDA:15,getTransactionConfirmCount
FNDA:0,getTransactionSuccess
DA:41,2
DA:42,2
DA:43,12
DA:45,2
DA:53,6
DA:60,1
DA:67,1
DA:74,3
DA:81,2
DA:88,2
DA:96,0
DA:97,0
DA:98,0
DA:99,0
DA:107,3
DA:115,0
DA:116,0
DA:117,0
DA:118,0
DA:120,0
DA:128,20
DA:141,0
DA:142,0
DA:143,0
DA:145,0
DA:158,15
DA:171,0
LF:27
LH:13
BRF:0
BRH:0
end_of_record
TN:
SF:/Users/paulopires/Code/Majoolr/ethereum-libraries/WalletLib/truffle/contracts/WalletLibTestContract.sol
FN:16,WalletLibTestContract
FN:26,
FN:32,owners
FN:36,ownerIndex
FN:40,maxOwners
FN:44,ownerCount
FN:48,requiredAdmin
FN:52,requiredMinor
FN:56,requiredMajor
FN:60,currentSpend
FN:64,majorThreshold
FN:68,transactions
FN:72,transactionLength
FN:76,transactionConfirms
FN:80,transactionConfirmCount
FN:84,transactionSuccess
FN:90,changeOwner
FN:94,addOwner
FN:98,removeOwner
FN:102,changeRequiredAdmin
FN:106,changeRequiredMajor
FN:110,changeRequiredMinor
FN:114,changeMajorThreshold
FN:120,serveTx
FN:124,confirmTx
FN:128,revokeConfirm
FN:132,checkNotConfirmed
FNF:27
FNH:23
FNDA:1,WalletLibTestContract
FNDA:2,
FNDA:2,owners
FNDA:6,ownerIndex
FNDA:1,maxOwners
FNDA:1,ownerCount
FNDA:3,requiredAdmin
FNDA:2,requiredMinor
FNDA:2,requiredMajor
FNDA:0,currentSpend
FNDA:3,majorThreshold
FNDA:0,transactions
FNDA:20,transactionLength
FNDA:0,transactionConfirms
FNDA:15,transactionConfirmCount
FNDA:0,transactionSuccess
FNDA:6,changeOwner
FNDA:5,addOwner
FNDA:5,removeOwner
FNDA:8,changeRequiredAdmin
FNDA:5,changeRequiredMajor
FNDA:5,changeRequiredMinor
FNDA:6,changeMajorThreshold
FNDA:12,serveTx
FNDA:28,confirmTx
FNDA:11,revokeConfirm
FNDA:2,checkNotConfirmed
DA:17,1
DA:18,1
DA:19,1
DA:20,1
DA:21,1
DA:22,1
DA:23,1
DA:27,2
DA:33,2
DA:37,6
DA:41,1
DA:45,1
DA:49,3
DA:53,2
DA:57,2
DA:61,0
DA:65,3
DA:69,0
DA:73,20
DA:77,0
DA:81,15
DA:85,0
DA:91,6
DA:95,5
DA:99,5
DA:103,8
DA:107,5
DA:111,5
DA:115,6
DA:121,12
DA:125,28
DA:129,11
DA:133,2
LF:33
LH:29
BRF:0
BRH:0
end_of_record
TN:
SF:/Users/paulopires/Code/Majoolr/ethereum-libraries/WalletLib/truffle/contracts/WalletMainLib.sol
FN:88,init
FN:122,checkNotConfirmed
FN:158,calcConfirmsNeeded
FN:166,getAmount
FN:197,getRequired
FN:243,createContract
FN:266,serveTx
FN:358,confirmTx
FN:397,revokeConfirm
FNF:9
FNH:9
FNDA:1,init
FNDA:41,checkNotConfirmed
FNDA:29,calcConfirmsNeeded
FNDA:4,getAmount
FNDA:5,getRequired
FNDA:1,createContract
FNDA:12,serveTx
FNDA:28,confirmTx
FNDA:16,revokeConfirm
DA:95,1
DA:96,1
DA:97,1
DA:98,1
DA:101,1
DA:102,5
DA:103,5
DA:104,5
DA:106,1
DA:107,1
DA:108,1
DA:112,1
DA:125,41
DA:126,41
DA:128,41
DA:129,1
DA:130,1
DA:131,1
DA:134,40
DA:135,0
DA:136,0
DA:137,0
DA:141,40
DA:142,40
DA:143,40
DA:144,40
DA:145,5
DA:146,5
DA:147,5
DA:150,35
DA:159,29
DA:167,4
DA:168,4
DA:172,4
DA:173,4
DA:174,4
DA:176,4
DA:177,4
DA:178,4
DA:179,2
DA:180,2
DA:181,2
DA:183,0
DA:184,0
DA:185,0
DA:187,4
DA:204,5
DA:205,5
DA:206,5
DA:208,5
DA:209,1
DA:210,1
DA:213,5
DA:214,5
DA:215,0
DA:216,0
DA:219,5
DA:220,2
DA:222,5
DA:223,2
DA:224,1
DA:225,1
DA:228,2
DA:229,2
DA:230,0
DA:231,0
DA:233,2
DA:234,1
DA:237,5
DA:244,1
DA:245,1
DA:247,1
DA:251,1
DA:252,1
DA:274,12
DA:275,12
DA:276,12
DA:279,12
DA:280,8
DA:281,8
DA:284,8
DA:285,0
DA:286,0
DA:289,8
DA:290,5
DA:293,5
DA:294,4
DA:296,5
DA:297,5
DA:298,0
DA:301,5
DA:302,5
DA:303,5
DA:304,5
DA:308,3
DA:309,3
DA:310,2
DA:315,6
DA:316,6
DA:320,4
DA:324,10
DA:328,5
DA:329,5
DA:330,5
DA:332,5
DA:334,1
DA:336,4
DA:338,5
DA:339,5
DA:341,5
DA:342,5
DA:344,5
DA:346,5
DA:349,10
DA:359,28
DA:360,28
DA:361,28
DA:363,28
DA:364,0
DA:365,0
DA:366,0
DA:369,28
DA:370,28
DA:371,28
DA:372,0
DA:374,28
DA:375,28
DA:377,28
DA:380,12
DA:381,12
DA:383,16
DA:386,16
DA:387,16
DA:390,28
DA:400,16
DA:401,16
DA:403,16
DA:404,0
DA:405,0
DA:406,0
DA:409,16
DA:410,16
DA:411,0
DA:412,0
DA:413,0
DA:417,16
DA:418,16
DA:419,16
DA:420,16
DA:421,8
DA:422,8
DA:423,8
DA:425,8
DA:426,8
DA:428,8
DA:431,8
DA:432,5
DA:434,8
DA:435,8
LF:159
LH:136
BRDA:95,1,0,1
BRDA:95,1,1,0
BRDA:96,2,0,1
BRDA:96,2,1,0
BRDA:97,3,0,1
BRDA:97,3,1,0
BRDA:98,4,0,1
BRDA:98,4,1,0
BRDA:102,5,0,5
BRDA:102,5,1,0
BRDA:125,6,0,41
BRDA:125,6,1,0
BRDA:128,7,0,1
BRDA:128,7,1,40
BRDA:134,8,0,0
BRDA:134,8,1,40
BRDA:144,9,0,5
BRDA:144,9,1,35
BRDA:178,10,0,2
BRDA:178,10,1,2
BRDA:182,11,0,0
BRDA:182,11,1,2
BRDA:208,12,0,1
BRDA:208,12,1,4
BRDA:214,13,0,0
BRDA:214,13,1,5
BRDA:219,14,0,2
BRDA:219,14,1,3
BRDA:222,15,0,2
BRDA:222,15,1,3
BRDA:223,16,0,1
BRDA:223,16,1,1
BRDA:229,17,0,0
BRDA:229,17,1,2
BRDA:233,18,0,1
BRDA:233,18,1,1
BRDA:251,19,0,1
BRDA:251,19,1,0
BRDA:279,20,0,8
BRDA:279,20,1,4
BRDA:284,21,0,0
BRDA:284,21,1,8
BRDA:289,22,0,5
BRDA:289,22,1,3
BRDA:290,23,0,5
BRDA:290,23,1,0
BRDA:293,24,0,4
BRDA:293,24,1,1
BRDA:297,25,0,0
BRDA:297,25,1,5
BRDA:309,26,0,2
BRDA:309,26,1,1
BRDA:324,27,0,5
BRDA:324,27,1,5
BRDA:332,28,0,1
BRDA:332,28,1,4
BRDA:336,29,0,4
BRDA:336,29,1,0
BRDA:341,30,0,5
BRDA:341,30,1,0
BRDA:359,31,0,28
BRDA:359,31,1,0
BRDA:363,32,0,0
BRDA:363,32,1,28
BRDA:371,33,0,0
BRDA:371,33,1,28
BRDA:377,34,0,12
BRDA:377,34,1,16
BRDA:381,35,0,12
BRDA:381,35,1,0
BRDA:400,36,0,16
BRDA:400,36,1,0
BRDA:403,37,0,0
BRDA:403,37,1,16
BRDA:410,38,0,0
BRDA:410,38,1,16
BRDA:420,39,0,8
BRDA:420,39,1,8
BRDA:431,40,0,5
BRDA:431,40,1,3
BRF:80
BRH:57
end_of_record
